---------------------------------------------------------------------------------------------------------------
      name:  <unnamed>
       log:  C:\wd\gss-mobility-redist\released-for-replication\log/01-gss-egp-redist-class-distribution.log
  log type:  text
 opened on:   5 Apr 2023, 14:38:41

. 
. use data/gss-1972-and-later-filled-in-recoded-imputed-in-sample.dta, clear

. 
. ********************************************************************************
. *** Reweight according to sample size
. ********************************************************************************
. do analysis/gss-egp-redist-rescale-weights.do

. tab year

   gss year |
   for this |
respondent  |      Freq.     Percent        Cum.
------------+-----------------------------------
       1977 |        651        2.60        2.60
       1978 |        603        2.41        5.01
       1980 |        596        2.38        7.39
       1982 |        732        2.92       10.32
       1983 |        660        2.64       12.95
       1984 |        625        2.50       15.45
       1985 |        676        2.70       18.15
       1986 |        627        2.50       20.65
       1987 |        831        3.32       23.97
       1988 |        651        2.60       26.58
       1989 |        687        2.74       29.32
       1990 |        654        2.61       31.93
       1991 |        695        2.78       34.71
       1993 |        790        3.16       37.87
       1994 |      1,584        6.33       44.19
       1996 |      1,536        6.14       50.33
       1998 |      1,468        5.86       56.19
       2000 |      1,437        5.74       61.94
       2002 |        703        2.81       64.74
       2004 |        705        2.82       67.56
       2006 |      1,480        5.91       73.47
       2008 |      1,001        4.00       77.47
       2010 |        974        3.89       81.36
       2012 |        956        3.82       85.18
       2014 |      1,259        5.03       90.21
       2016 |      1,346        5.38       95.59
       2018 |      1,104        4.41      100.00
------------+-----------------------------------
      Total |     25,031      100.00

. local N `r(N)'

. local levels `r(r)'

. bys year: egen wtcomb_sum = total(wtcomb)

. bys year: sum wtcomb wtcomb_sum 

---------------------------------------------------------------------------------------------------------------
-> year = 1977

    Variable |        Obs        Mean    Std. dev.       Min        Max
-------------+---------------------------------------------------------
      wtcomb |        651    .9904522    .3482687      .4941     2.4704
  wtcomb_sum |        651    644.7844           0   644.7844   644.7844

---------------------------------------------------------------------------------------------------------------
-> year = 1978

    Variable |        Obs        Mean    Std. dev.       Min        Max
-------------+---------------------------------------------------------
      wtcomb |        603    1.005898    .3656259      .5063     2.5316
  wtcomb_sum |        603    606.5563           0   606.5563   606.5563

---------------------------------------------------------------------------------------------------------------
-> year = 1980

    Variable |        Obs        Mean    Std. dev.       Min        Max
-------------+---------------------------------------------------------
      wtcomb |        596    1.016441    .3937477      .5112     3.5787
  wtcomb_sum |        596    605.7987           0   605.7987   605.7987

---------------------------------------------------------------------------------------------------------------
-> year = 1982

    Variable |        Obs        Mean    Std. dev.       Min        Max
-------------+---------------------------------------------------------
      wtcomb |        732    1.004833    .5514753   .1913179   3.823189
  wtcomb_sum |        732    735.5379           0   735.5379   735.5379

---------------------------------------------------------------------------------------------------------------
-> year = 1983

    Variable |        Obs        Mean    Std. dev.       Min        Max
-------------+---------------------------------------------------------
      wtcomb |        660    1.009317    .3896268      .5058     3.5407
  wtcomb_sum |        660    666.1494           0   666.1494   666.1494

---------------------------------------------------------------------------------------------------------------
-> year = 1984

    Variable |        Obs        Mean    Std. dev.       Min        Max
-------------+---------------------------------------------------------
      wtcomb |        625    1.007455    .4235054      .5165     3.6157
  wtcomb_sum |        625    629.6596           0   629.6596   629.6596

---------------------------------------------------------------------------------------------------------------
-> year = 1985

    Variable |        Obs        Mean    Std. dev.       Min        Max
-------------+---------------------------------------------------------
      wtcomb |        676    1.014049    .3927167      .5181     3.1088
  wtcomb_sum |        676    685.4971           0   685.4971   685.4971

---------------------------------------------------------------------------------------------------------------
-> year = 1986

    Variable |        Obs        Mean    Std. dev.       Min        Max
-------------+---------------------------------------------------------
      wtcomb |        627    1.021657    .4122454      .5036     3.0216
  wtcomb_sum |        627    640.5792           0   640.5792   640.5792

---------------------------------------------------------------------------------------------------------------
-> year = 1987

    Variable |        Obs        Mean    Std. dev.       Min        Max
-------------+---------------------------------------------------------
      wtcomb |        831    1.043171    .5550262   .2196104   3.134642
  wtcomb_sum |        831    866.8748           0   866.8748   866.8748

---------------------------------------------------------------------------------------------------------------
-> year = 1988

    Variable |        Obs        Mean    Std. dev.       Min        Max
-------------+---------------------------------------------------------
      wtcomb |        651    1.005546    .3695941      .5313     2.6567
  wtcomb_sum |        651    654.6107           0   654.6107   654.6107

---------------------------------------------------------------------------------------------------------------
-> year = 1989

    Variable |        Obs        Mean    Std. dev.       Min        Max
-------------+---------------------------------------------------------
      wtcomb |        687    1.008095    .4022566      .5107     3.5751
  wtcomb_sum |        687     692.561           0    692.561    692.561

---------------------------------------------------------------------------------------------------------------
-> year = 1990

    Variable |        Obs        Mean    Std. dev.       Min        Max
-------------+---------------------------------------------------------
      wtcomb |        654     1.01881    .4008088      .5313     3.1881
  wtcomb_sum |        654    666.3017           0   666.3017   666.3017

---------------------------------------------------------------------------------------------------------------
-> year = 1991

    Variable |        Obs        Mean    Std. dev.       Min        Max
-------------+---------------------------------------------------------
      wtcomb |        695    1.023919    .4083789      .5311     2.6553
  wtcomb_sum |        695    711.6236           0   711.6236   711.6236

---------------------------------------------------------------------------------------------------------------
-> year = 1993

    Variable |        Obs        Mean    Std. dev.       Min        Max
-------------+---------------------------------------------------------
      wtcomb |        790    1.002219    .3761051      .5285     3.6998
  wtcomb_sum |        790    791.7531           0   791.7531   791.7531

---------------------------------------------------------------------------------------------------------------
-> year = 1994

    Variable |        Obs        Mean    Std. dev.       Min        Max
-------------+---------------------------------------------------------
      wtcomb |      1,584    1.004915    .3877678      .5412     3.2475
  wtcomb_sum |      1,584    1591.785           0   1591.785   1591.785

---------------------------------------------------------------------------------------------------------------
-> year = 1996

    Variable |        Obs        Mean    Std. dev.       Min        Max
-------------+---------------------------------------------------------
      wtcomb |      1,536    .9884284    .3914005      .5432     3.2591
  wtcomb_sum |      1,536    1518.226           0   1518.226   1518.226

---------------------------------------------------------------------------------------------------------------
-> year = 1998

    Variable |        Obs        Mean    Std. dev.       Min        Max
-------------+---------------------------------------------------------
      wtcomb |      1,468    1.001508    .3879657      .5501     3.8504
  wtcomb_sum |      1,468    1470.214           0   1470.214   1470.214

---------------------------------------------------------------------------------------------------------------
-> year = 2000

    Variable |        Obs        Mean    Std. dev.       Min        Max
-------------+---------------------------------------------------------
      wtcomb |      1,437    1.005506    .3888754      .5493     2.7463
  wtcomb_sum |      1,437    1444.912           0   1444.912   1444.912

---------------------------------------------------------------------------------------------------------------
-> year = 2002

    Variable |        Obs        Mean    Std. dev.       Min        Max
-------------+---------------------------------------------------------
      wtcomb |        703    .9807101    .4140912      .5578     2.7889
  wtcomb_sum |        703    689.4392           0   689.4392   689.4392

---------------------------------------------------------------------------------------------------------------
-> year = 2004

    Variable |        Obs        Mean    Std. dev.       Min        Max
-------------+---------------------------------------------------------
      wtcomb |        705     .996922    .5310632        .35       4.53
  wtcomb_sum |        705      702.83           0     702.83     702.83

---------------------------------------------------------------------------------------------------------------
-> year = 2006

    Variable |        Obs        Mean    Std. dev.       Min        Max
-------------+---------------------------------------------------------
      wtcomb |      1,480    .9928446    .5983554        .36       6.12
  wtcomb_sum |      1,480     1469.41           0    1469.41    1469.41

---------------------------------------------------------------------------------------------------------------
-> year = 2008

    Variable |        Obs        Mean    Std. dev.       Min        Max
-------------+---------------------------------------------------------
      wtcomb |      1,001    1.024719    .6454406   .3194206   5.691713
  wtcomb_sum |      1,001    1025.744           0   1025.744   1025.744

---------------------------------------------------------------------------------------------------------------
-> year = 2010

    Variable |        Obs        Mean    Std. dev.       Min        Max
-------------+---------------------------------------------------------
      wtcomb |        974    1.026911    .5730277   .3369696   4.733329
  wtcomb_sum |        974    1000.211           0   1000.211   1000.211

---------------------------------------------------------------------------------------------------------------
-> year = 2012

    Variable |        Obs        Mean    Std. dev.       Min        Max
-------------+---------------------------------------------------------
      wtcomb |        956    1.031134    .7038872   .2930743   11.06848
  wtcomb_sum |        956     985.764           0    985.764    985.764

---------------------------------------------------------------------------------------------------------------
-> year = 2014

    Variable |        Obs        Mean    Std. dev.       Min        Max
-------------+---------------------------------------------------------
      wtcomb |      1,259    1.008645    .5339899   .3337505   5.997651
  wtcomb_sum |      1,259    1269.884           0   1269.884   1269.884

---------------------------------------------------------------------------------------------------------------
-> year = 2016

    Variable |        Obs        Mean    Std. dev.       Min        Max
-------------+---------------------------------------------------------
      wtcomb |      1,346    1.021959     .526658    .307749    4.18527
  wtcomb_sum |      1,346    1375.557           0   1375.557   1375.557

---------------------------------------------------------------------------------------------------------------
-> year = 2018

    Variable |        Obs        Mean    Std. dev.       Min        Max
-------------+---------------------------------------------------------
      wtcomb |      1,104    1.015234    .6666865   .3066632    5.91182
  wtcomb_sum |      1,104    1120.819           0   1120.819   1120.819


. gen wt_scaled = (`N'/`levels')*(wtcomb / wtcomb_sum) 

. bys year: sum wt_scaled 

---------------------------------------------------------------------------------------------------------------
-> year = 1977

    Variable |        Obs        Mean    Std. dev.       Min        Max
-------------+---------------------------------------------------------
   wt_scaled |        651    1.424077    .5007425   .7104193   3.551953

---------------------------------------------------------------------------------------------------------------
-> year = 1978

    Variable |        Obs        Mean    Std. dev.       Min        Max
-------------+---------------------------------------------------------
   wt_scaled |        603    1.537436    .5588307   .7738401   3.869354

---------------------------------------------------------------------------------------------------------------
-> year = 1980

    Variable |        Obs        Mean    Std. dev.       Min        Max
-------------+---------------------------------------------------------
   wt_scaled |        596    1.555493    .6025653   .7823065   5.476605

---------------------------------------------------------------------------------------------------------------
-> year = 1982

    Variable |        Obs        Mean    Std. dev.       Min        Max
-------------+---------------------------------------------------------
   wt_scaled |        732    1.266495     .695081   .2411377   4.818759

---------------------------------------------------------------------------------------------------------------
-> year = 1983

    Variable |        Obs        Mean    Std. dev.       Min        Max
-------------+---------------------------------------------------------
   wt_scaled |        660    1.404658    .5422401   .7039173    4.92756

---------------------------------------------------------------------------------------------------------------
-> year = 1984

    Variable |        Obs        Mean    Std. dev.       Min        Max
-------------+---------------------------------------------------------
   wt_scaled |        625    1.483319    .6235447   .7604645   5.323546

---------------------------------------------------------------------------------------------------------------
-> year = 1985

    Variable |        Obs        Mean    Std. dev.       Min        Max
-------------+---------------------------------------------------------
   wt_scaled |        676    1.371411    .5311145   .7006844   4.204377

---------------------------------------------------------------------------------------------------------------
-> year = 1986

    Variable |        Obs        Mean    Std. dev.       Min        Max
-------------+---------------------------------------------------------
   wt_scaled |        627    1.478587    .5966195   .7288318   4.372991

---------------------------------------------------------------------------------------------------------------
-> year = 1987

    Variable |        Obs        Mean    Std. dev.       Min        Max
-------------+---------------------------------------------------------
   wt_scaled |        831    1.115613    .5935694   .2348611   3.352324

---------------------------------------------------------------------------------------------------------------
-> year = 1988

    Variable |        Obs        Mean    Std. dev.       Min        Max
-------------+---------------------------------------------------------
   wt_scaled |        651    1.424077    .5234272   .7524387   3.762477

---------------------------------------------------------------------------------------------------------------
-> year = 1989

    Variable |        Obs        Mean    Std. dev.       Min        Max
-------------+---------------------------------------------------------
   wt_scaled |        687    1.349453    .5384676   .6836318    4.78569

---------------------------------------------------------------------------------------------------------------
-> year = 1990

    Variable |        Obs        Mean    Std. dev.       Min        Max
-------------+---------------------------------------------------------
   wt_scaled |        654    1.417545    .5576745   .7392364   4.435836

---------------------------------------------------------------------------------------------------------------
-> year = 1991

    Variable |        Obs        Mean    Std. dev.       Min        Max
-------------+---------------------------------------------------------
   wt_scaled |        695     1.33392    .5320192   .6918953   3.459216

---------------------------------------------------------------------------------------------------------------
-> year = 1993

    Variable |        Obs        Mean    Std. dev.       Min        Max
-------------+---------------------------------------------------------
   wt_scaled |        790    1.173511    .4403863   .6188276   4.332144

---------------------------------------------------------------------------------------------------------------
-> year = 1994

    Variable |        Obs        Mean    Std. dev.       Min        Max
-------------+---------------------------------------------------------
   wt_scaled |      1,584     .585274    .2258405   .3152012   1.891382

---------------------------------------------------------------------------------------------------------------
-> year = 1996

    Variable |        Obs        Mean    Std. dev.       Min        Max
-------------+---------------------------------------------------------
   wt_scaled |      1,536    .6035639    .2390008   .3316941   1.990103

---------------------------------------------------------------------------------------------------------------
-> year = 1998

    Variable |        Obs        Mean    Std. dev.       Min        Max
-------------+---------------------------------------------------------
   wt_scaled |      1,468    .6315219    .2446399    .346877    2.42795

---------------------------------------------------------------------------------------------------------------
-> year = 2000

    Variable |        Obs        Mean    Std. dev.       Min        Max
-------------+---------------------------------------------------------
   wt_scaled |      1,437    .6451455    .2495075    .352438   1.762062

---------------------------------------------------------------------------------------------------------------
-> year = 2002

    Variable |        Obs        Mean    Std. dev.       Min        Max
-------------+---------------------------------------------------------
   wt_scaled |        703     1.31874    .5568195   .7500616   3.750174

---------------------------------------------------------------------------------------------------------------
-> year = 2004

    Variable |        Obs        Mean    Std. dev.       Min        Max
-------------+---------------------------------------------------------
   wt_scaled |        705    1.314999    .7005036   .4616705   5.975337

---------------------------------------------------------------------------------------------------------------
-> year = 2006

    Variable |        Obs        Mean    Std. dev.       Min        Max
-------------+---------------------------------------------------------
   wt_scaled |      1,480    .6264014    .3775119   .2271297   3.861205

---------------------------------------------------------------------------------------------------------------
-> year = 2008

    Variable |        Obs        Mean    Std. dev.       Min        Max
-------------+---------------------------------------------------------
   wt_scaled |      1,001     .926148    .5833536   .2886945   5.144209

---------------------------------------------------------------------------------------------------------------
-> year = 2010

    Variable |        Obs        Mean    Std. dev.       Min        Max
-------------+---------------------------------------------------------
   wt_scaled |        974    .9518214    .5311268   .3123297   4.387218

---------------------------------------------------------------------------------------------------------------
-> year = 2012

    Variable |        Obs        Mean    Std. dev.       Min        Max
-------------+---------------------------------------------------------
   wt_scaled |        956    .9697428    .6619795   .2756254   10.40949

---------------------------------------------------------------------------------------------------------------
-> year = 2014

    Variable |        Obs        Mean    Std. dev.       Min        Max
-------------+---------------------------------------------------------
   wt_scaled |      1,259    .7363575    .3898374   .2436533   4.378563

---------------------------------------------------------------------------------------------------------------
-> year = 2016

    Variable |        Obs        Mean    Std. dev.       Min        Max
-------------+---------------------------------------------------------
   wt_scaled |      1,346    .6887623    .3549478   .2074113   2.820715

---------------------------------------------------------------------------------------------------------------
-> year = 2018

    Variable |        Obs        Mean    Std. dev.       Min        Max
-------------+---------------------------------------------------------
   wt_scaled |      1,104     .839741    .5514431   .2536534   4.889903


. bys year: corr wtcomb wt_scaled

---------------------------------------------------------------------------------------------------------------
-> year = 1977
(obs=651)

             |   wtcomb wt_sca~d
-------------+------------------
      wtcomb |   1.0000
   wt_scaled |   1.0000   1.0000


---------------------------------------------------------------------------------------------------------------
-> year = 1978
(obs=603)

             |   wtcomb wt_sca~d
-------------+------------------
      wtcomb |   1.0000
   wt_scaled |   1.0000   1.0000


---------------------------------------------------------------------------------------------------------------
-> year = 1980
(obs=596)

             |   wtcomb wt_sca~d
-------------+------------------
      wtcomb |   1.0000
   wt_scaled |   1.0000   1.0000


---------------------------------------------------------------------------------------------------------------
-> year = 1982
(obs=732)

             |   wtcomb wt_sca~d
-------------+------------------
      wtcomb |   1.0000
   wt_scaled |   1.0000   1.0000


---------------------------------------------------------------------------------------------------------------
-> year = 1983
(obs=660)

             |   wtcomb wt_sca~d
-------------+------------------
      wtcomb |   1.0000
   wt_scaled |   1.0000   1.0000


---------------------------------------------------------------------------------------------------------------
-> year = 1984
(obs=625)

             |   wtcomb wt_sca~d
-------------+------------------
      wtcomb |   1.0000
   wt_scaled |   1.0000   1.0000


---------------------------------------------------------------------------------------------------------------
-> year = 1985
(obs=676)

             |   wtcomb wt_sca~d
-------------+------------------
      wtcomb |   1.0000
   wt_scaled |   1.0000   1.0000


---------------------------------------------------------------------------------------------------------------
-> year = 1986
(obs=627)

             |   wtcomb wt_sca~d
-------------+------------------
      wtcomb |   1.0000
   wt_scaled |   1.0000   1.0000


---------------------------------------------------------------------------------------------------------------
-> year = 1987
(obs=831)

             |   wtcomb wt_sca~d
-------------+------------------
      wtcomb |   1.0000
   wt_scaled |   1.0000   1.0000


---------------------------------------------------------------------------------------------------------------
-> year = 1988
(obs=651)

             |   wtcomb wt_sca~d
-------------+------------------
      wtcomb |   1.0000
   wt_scaled |   1.0000   1.0000


---------------------------------------------------------------------------------------------------------------
-> year = 1989
(obs=687)

             |   wtcomb wt_sca~d
-------------+------------------
      wtcomb |   1.0000
   wt_scaled |   1.0000   1.0000


---------------------------------------------------------------------------------------------------------------
-> year = 1990
(obs=654)

             |   wtcomb wt_sca~d
-------------+------------------
      wtcomb |   1.0000
   wt_scaled |   1.0000   1.0000


---------------------------------------------------------------------------------------------------------------
-> year = 1991
(obs=695)

             |   wtcomb wt_sca~d
-------------+------------------
      wtcomb |   1.0000
   wt_scaled |   1.0000   1.0000


---------------------------------------------------------------------------------------------------------------
-> year = 1993
(obs=790)

             |   wtcomb wt_sca~d
-------------+------------------
      wtcomb |   1.0000
   wt_scaled |   1.0000   1.0000


---------------------------------------------------------------------------------------------------------------
-> year = 1994
(obs=1,584)

             |   wtcomb wt_sca~d
-------------+------------------
      wtcomb |   1.0000
   wt_scaled |   1.0000   1.0000


---------------------------------------------------------------------------------------------------------------
-> year = 1996
(obs=1,536)

             |   wtcomb wt_sca~d
-------------+------------------
      wtcomb |   1.0000
   wt_scaled |   1.0000   1.0000


---------------------------------------------------------------------------------------------------------------
-> year = 1998
(obs=1,468)

             |   wtcomb wt_sca~d
-------------+------------------
      wtcomb |   1.0000
   wt_scaled |   1.0000   1.0000


---------------------------------------------------------------------------------------------------------------
-> year = 2000
(obs=1,437)

             |   wtcomb wt_sca~d
-------------+------------------
      wtcomb |   1.0000
   wt_scaled |   1.0000   1.0000


---------------------------------------------------------------------------------------------------------------
-> year = 2002
(obs=703)

             |   wtcomb wt_sca~d
-------------+------------------
      wtcomb |   1.0000
   wt_scaled |   1.0000   1.0000


---------------------------------------------------------------------------------------------------------------
-> year = 2004
(obs=705)

             |   wtcomb wt_sca~d
-------------+------------------
      wtcomb |   1.0000
   wt_scaled |   1.0000   1.0000


---------------------------------------------------------------------------------------------------------------
-> year = 2006
(obs=1,480)

             |   wtcomb wt_sca~d
-------------+------------------
      wtcomb |   1.0000
   wt_scaled |   1.0000   1.0000


---------------------------------------------------------------------------------------------------------------
-> year = 2008
(obs=1,001)

             |   wtcomb wt_sca~d
-------------+------------------
      wtcomb |   1.0000
   wt_scaled |   1.0000   1.0000


---------------------------------------------------------------------------------------------------------------
-> year = 2010
(obs=974)

             |   wtcomb wt_sca~d
-------------+------------------
      wtcomb |   1.0000
   wt_scaled |   1.0000   1.0000


---------------------------------------------------------------------------------------------------------------
-> year = 2012
(obs=956)

             |   wtcomb wt_sca~d
-------------+------------------
      wtcomb |   1.0000
   wt_scaled |   1.0000   1.0000


---------------------------------------------------------------------------------------------------------------
-> year = 2014
(obs=1,259)

             |   wtcomb wt_sca~d
-------------+------------------
      wtcomb |   1.0000
   wt_scaled |   1.0000   1.0000


---------------------------------------------------------------------------------------------------------------
-> year = 2016
(obs=1,346)

             |   wtcomb wt_sca~d
-------------+------------------
      wtcomb |   1.0000
   wt_scaled |   1.0000   1.0000


---------------------------------------------------------------------------------------------------------------
-> year = 2018
(obs=1,104)

             |   wtcomb wt_sca~d
-------------+------------------
      wtcomb |   1.0000
   wt_scaled |   1.0000   1.0000



. 
end of do-file

. 
. ********************************************************************************
. *** Class Distribution
. ********************************************************************************
. ** Graphic scheme
. set scheme plotplainblind

. graph set window fontface "Arial"

. 
. *** distribution of the EGP class by survey year        
. mlogit egp10_6_rf i.year [pw=wt_scaled]

Iteration 0:   log pseudolikelihood = -34975.921  
Iteration 1:   log pseudolikelihood = -34749.706  
Iteration 2:   log pseudolikelihood = -34715.236  
Iteration 3:   log pseudolikelihood = -34714.502  
Iteration 4:   log pseudolikelihood = -34714.383  
Iteration 5:   log pseudolikelihood = -34714.362  
Iteration 6:   log pseudolikelihood = -34714.357  
Iteration 7:   log pseudolikelihood = -34714.356  
Iteration 8:   log pseudolikelihood = -34714.355  
Iteration 9:   log pseudolikelihood = -34714.355  
Iteration 10:  log pseudolikelihood = -34714.355  

Multinomial logistic regression                      Number of obs  =   25,031
                                                     Wald chi2(130) = 19106.35
                                                     Prob > chi2    =   0.0000
Log pseudolikelihood = -34714.355                    Pseudo R2      =   0.0075

----------------------------------------------------------------------------------
                 |               Robust
      egp10_6_rf | Coefficient  std. err.      z    P>|z|     [95% conf. interval]
-----------------+----------------------------------------------------------------
Salariat         |
            year |
           1978  |  -.2594526   .1684775    -1.54   0.124    -.5896625    .0707572
           1980  |  -.0945207    .164603    -0.57   0.566    -.4171367    .2280953
           1982  |  -.0265394   .1607199    -0.17   0.869    -.3415446    .2884658
           1983  |   .0060349   .1601267     0.04   0.970    -.3078076    .3198775
           1984  |  -.0103005    .161599    -0.06   0.949    -.3270287    .3064278
           1985  |  -.0287955   .1573222    -0.18   0.855    -.3371413    .2795503
           1986  |  -.0541346   .1606781    -0.34   0.736    -.3690578    .2607886
           1987  |   .1119245   .1544259     0.72   0.469    -.1907448    .4145938
           1988  |  -.1694681   .1596447    -1.06   0.288     -.482366    .1434297
           1989  |   .1461634   .1548901     0.94   0.345    -.1574157    .4497425
           1990  |  -.0700812    .159011    -0.44   0.659     -.381737    .2415746
           1991  |  -.1385205   .1568967    -0.88   0.377    -.4460323    .1689914
           1993  |  -.0408038   .1503044    -0.27   0.786    -.3353951    .2537874
           1994  |   .1118252   .1345664     0.83   0.406    -.1519202    .3755706
           1996  |   .1965648   .1351363     1.45   0.146    -.0682974     .461427
           1998  |   .2003355    .135347     1.48   0.139    -.0649398    .4656108
           2000  |   .2343896   .1369771     1.71   0.087    -.0340807    .5028598
           2002  |   .0743422   .1560945     0.48   0.634    -.2315973    .3802818
           2004  |  -.0157814   .1570238    -0.10   0.920    -.3235425    .2919796
           2006  |   .2575459    .139545     1.85   0.065    -.0159573     .531049
           2008  |   .2100737   .1486795     1.41   0.158    -.0813327    .5014802
           2010  |   .3214577   .1486873     2.16   0.031     .0300359    .6128795
           2012  |   .3906012   .1498902     2.61   0.009     .0968218    .6843806
           2014  |   .3142356   .1411936     2.23   0.026     .0375012    .5909699
           2016  |   .3108622   .1377069     2.26   0.024     .0409618    .5807627
           2018  |    .425845   .1461027     2.91   0.004     .1394891     .712201
                 |
           _cons |  -.4601346   .1156716    -3.98   0.000    -.6868468   -.2334224
-----------------+----------------------------------------------------------------
Intermediate     |  (base outcome)
-----------------+----------------------------------------------------------------
Farming          |
            year |
           1978  |  -1.143907   .5290169    -2.16   0.031    -2.180761    -.107053
           1980  |  -.0637924   .3507445    -0.18   0.856     -.751239    .6236542
           1982  |  -.4152817   .3819679    -1.09   0.277    -1.163925    .3333616
           1983  |  -.2532843   .3757643    -0.67   0.500    -.9897687    .4832002
           1984  |   -.602748   .3859323    -1.56   0.118    -1.359162    .1536655
           1985  |  -.5184469   .3957224    -1.31   0.190    -1.294048    .2571547
           1986  |  -.9411679   .4488151    -2.10   0.036    -1.820829   -.0615064
           1987  |  -.8280948   .4086189    -2.03   0.043    -1.628973   -.0272164
           1988  |  -1.670781   .5693098    -2.93   0.003    -2.786608   -.5549547
           1989  |  -.7729529   .4056467    -1.91   0.057    -1.568006    .0221001
           1990  |  -1.268648   .5547501    -2.29   0.022    -2.355938   -.1813575
           1991  |  -1.075975   .4263242    -2.52   0.012    -1.911556   -.2403954
           1993  |  -1.342937   .4592245    -2.92   0.003       -2.243   -.4428731
           1994  |  -1.111238   .3524404    -3.15   0.002    -1.802008   -.4204671
           1996  |  -1.461134   .4175293    -3.50   0.000    -2.279477    -.642792
           1998  |  -1.421226   .4126556    -3.44   0.001    -2.230017   -.6124361
           2000  |  -.8849206   .3589076    -2.47   0.014    -1.588367   -.1814746
           2002  |  -1.971571   .5858124    -3.37   0.001    -3.119743      -.8234
           2004  |   -1.65816   .4917372    -3.37   0.001    -2.621947   -.6943725
           2006  |  -.9199615   .3512601    -2.62   0.009    -1.608419   -.2315044
           2008  |   -.899333   .3791528    -2.37   0.018    -1.642459   -.1562071
           2010  |  -1.343587   .4295213    -3.13   0.002    -2.185434   -.5017409
           2012  |  -2.537977   .6058979    -4.19   0.000    -3.725515   -1.350439
           2014  |  -1.400493   .4325277    -3.24   0.001    -2.248231   -.5527539
           2016  |  -1.800406   .4819851    -3.74   0.000    -2.745079   -.8557327
           2018  |  -1.375488    .422401    -3.26   0.001    -2.203379   -.5475972
                 |
           _cons |  -2.352609   .2462871    -9.55   0.000    -2.835323   -1.869895
-----------------+----------------------------------------------------------------
Working_IIIb_    |
            year |
           1978  |   .1850058   .2210045     0.84   0.403    -.2481551    .6181667
           1980  |   .2638303   .2251208     1.17   0.241    -.1773984     .705059
           1982  |   .0338043   .2219635     0.15   0.879    -.4012362    .4688448
           1983  |    .317038    .217647     1.46   0.145    -.1095422    .7436182
           1984  |   .3111651    .218468     1.42   0.154    -.1170243    .7393545
           1985  |  -.0860415   .2233826    -0.39   0.700    -.5238634    .3517803
           1986  |   .3072463   .2167385     1.42   0.156    -.1175533    .7320458
           1987  |   .3344542   .2086757     1.60   0.109    -.0745426    .7434509
           1988  |   .1155628   .2149153     0.54   0.591    -.3056634    .5367891
           1989  |    .127148   .2181619     0.58   0.560    -.3004414    .5547375
           1990  |   .1422786   .2206255     0.64   0.519    -.2901395    .5746967
           1991  |   .1982431   .2120707     0.93   0.350    -.2174078    .6138941
           1993  |   .1008037   .2093798     0.48   0.630    -.3095731    .5111806
           1994  |   .4641804   .1854906     2.50   0.012     .1006255    .8277353
           1996  |    .355298   .1878344     1.89   0.059    -.0128508    .7234467
           1998  |   .4367547    .187813     2.33   0.020      .068648    .8048614
           2000  |   .6674116   .1863837     3.58   0.000     .3021063    1.032717
           2002  |   .5155434   .2088968     2.47   0.014     .1061132    .9249736
           2004  |   .4614112   .2086704     2.21   0.027     .0524247    .8703977
           2006  |   .4082528   .1913546     2.13   0.033     .0332046    .7833009
           2008  |   .3020786   .2064645     1.46   0.143    -.1025845    .7067416
           2010  |   .5682096   .2000944     2.84   0.005     .1760317    .9603875
           2012  |   .5216918    .202208     2.58   0.010     .1253715    .9180121
           2014  |   .6668855   .1913656     3.48   0.000     .2918158    1.041955
           2016  |   .5716231   .1918838     2.98   0.003     .1955377    .9477085
           2018  |   .3975772   .2067085     1.92   0.054    -.0075639    .8027184
                 |
           _cons |  -1.460957   .1640896    -8.90   0.000    -1.782567   -1.139347
-----------------+----------------------------------------------------------------
Working_VI_VIIa_ |
            year |
           1978  |  -.2887614   .1468746    -1.97   0.049    -.5766304   -.0008924
           1980  |  -.3368508    .151765    -2.22   0.026    -.6343048   -.0393968
           1982  |  -.3088598   .1474503    -2.09   0.036    -.5978571   -.0198625
           1983  |  -.3371252   .1476924    -2.28   0.022    -.6265969   -.0476535
           1984  |  -.5131926   .1544564    -3.32   0.001    -.8159215   -.2104637
           1985  |  -.3802442   .1461019    -2.60   0.009    -.6665986   -.0938899
           1986  |  -.4348389    .151985    -2.86   0.004     -.732724   -.1369538
           1987  |  -.4491058   .1448414    -3.10   0.002    -.7329897   -.1652219
           1988  |  -.4996223   .1480599    -3.37   0.001    -.7898145   -.2094302
           1989  |  -.4861053    .150988    -3.22   0.001    -.7820364   -.1901741
           1990  |  -.3913658    .147405    -2.66   0.008    -.6802742   -.1024573
           1991  |  -.6437633   .1497264    -4.30   0.000    -.9372215    -.350305
           1993  |  -.5566931   .1433454    -3.88   0.000     -.837645   -.2757413
           1994  |  -.4161111   .1250867    -3.33   0.001    -.6612765   -.1709457
           1996  |  -.4123201   .1250423    -3.30   0.001    -.6573984   -.1672418
           1998  |  -.4799118   .1270419    -3.78   0.000    -.7289095   -.2309142
           2000  |  -.3214267   .1273175    -2.52   0.012    -.5709645    -.071889
           2002  |  -.4712525   .1497089    -3.15   0.002    -.7646765   -.1778285
           2004  |  -.8800858   .1604146    -5.49   0.000    -1.194493   -.5656789
           2006  |  -.3608167   .1303891    -2.77   0.006    -.6163747   -.1052587
           2008  |   -.617942   .1442498    -4.28   0.000    -.9006664   -.3352176
           2010  |  -.5127595   .1439649    -3.56   0.000    -.7949256   -.2305934
           2012  |  -.3155092   .1529112    -2.06   0.039    -.6152096   -.0158089
           2014  |  -.4838069   .1359993    -3.56   0.000    -.7503606   -.2172532
           2016  |  -.5929949   .1344654    -4.41   0.000    -.8565421   -.3294476
           2018  |  -.3624168   .1420384    -2.55   0.011    -.6408069   -.0840267
                 |
           _cons |   .0252416   .1021409     0.25   0.805    -.1749509    .2254341
-----------------+----------------------------------------------------------------
Military         |
            year |
           1978  |   -.448986   .5370115    -0.84   0.403    -1.501509    .6035372
           1980  |  -1.166484   .6884936    -1.69   0.090    -2.515907    .1829385
           1982  |  -2.350861   .6884561    -3.41   0.001     -3.70021   -1.001512
           1983  |  -.8423206   .6319898    -1.33   0.183    -2.080998    .3963566
           1984  |  -.1784968   .5114453    -0.35   0.727    -1.180911    .8239175
           1985  |  -15.36795   .3740217   -41.09   0.000    -16.10102   -14.63488
           1986  |  -1.676208   .8003331    -2.09   0.036    -3.244832   -.1075838
           1987  |  -1.484015   .7047628    -2.11   0.035    -2.865325   -.1027055
           1988  |  -1.019466    .717434    -1.42   0.155    -2.425611    .3866783
           1989  |  -.1504768   .4982662    -0.30   0.763    -1.127061     .826107
           1990  |  -2.371416   1.067761    -2.22   0.026     -4.46419   -.2786424
           1991  |  -1.405529   .6458411    -2.18   0.030    -2.671354   -.1397036
           1993  |  -2.183355   .8334993    -2.62   0.009    -3.816983    -.549726
           1994  |  -1.759278   .5969322    -2.95   0.003    -2.929243   -.5893123
           1996  |  -2.684442   .8325713    -3.22   0.001    -4.316252   -1.052632
           1998  |  -3.050014   1.066613    -2.86   0.004    -5.140538     -.95949
           2000  |  -2.255981   .7987417    -2.82   0.005    -3.821486   -.6904758
           2002  |  -1.895653   .8341759    -2.27   0.023    -3.530607   -.2606978
           2004  |  -2.989732   1.067736    -2.80   0.005    -5.082455   -.8970083
           2006  |  -1.459353   .5407906    -2.70   0.007    -2.519284   -.3994233
           2008  |  -1.709191   .7173874    -2.38   0.017    -3.115244   -.3031374
           2010  |  -.9612418   .5201894    -1.85   0.065    -1.980794    .0583107
           2012  |  -.1264688   .4825975    -0.26   0.793    -1.072343    .8194049
           2014  |  -.6495231   .4977186    -1.31   0.192    -1.625034    .3259874
           2016  |  -2.061492   .7555509    -2.73   0.006    -3.542345     -.58064
           2018  |  -1.576625    .784196    -2.01   0.044    -3.113621   -.0396286
                 |
           _cons |   -3.12167    .368131    -8.48   0.000    -3.843193   -2.400146
----------------------------------------------------------------------------------

. margins i.year, level(95) saving(data/egp6-trend-data.dta, replace)

Adjusted predictions                                    Number of obs = 25,031
Model VCE: Robust

1._predict: Pr(egp10_6_rf==Salariat), predict(pr outcome(1))
2._predict: Pr(egp10_6_rf==Intermediate), predict(pr outcome(2))
3._predict: Pr(egp10_6_rf==Farming), predict(pr outcome(3))
4._predict: Pr(egp10_6_rf==Working_IIIb_), predict(pr outcome(4))
5._predict: Pr(egp10_6_rf==Working_VI_VIIa_), predict(pr outcome(5))
6._predict: Pr(egp10_6_rf==Military), predict(pr outcome(6))

-------------------------------------------------------------------------------
              |            Delta-method
              |     Margin   std. err.      z    P>|z|     [95% conf. interval]
--------------+----------------------------------------------------------------
_predict#year |
      1 1977  |   .2084554   .0167064    12.48   0.000     .1757114    .2411993
      1 1978  |   .1878025   .0169857    11.06   0.000      .154511    .2210939
      1 1980  |    .211785   .0175428    12.07   0.000     .1774019    .2461682
      1 1982  |   .2298073    .017465    13.16   0.000     .1955765    .2640381
      1 1983  |   .2285493   .0175455    13.03   0.000     .1941607    .2629379
      1 1984  |   .2362597   .0182865    12.92   0.000     .2004188    .2721006
      1 1985  |   .2373403   .0174043    13.64   0.000     .2032285     .271452
      1 1986  |   .2279872    .017537    13.00   0.000     .1936154     .262359
      1 1987  |   .2580059   .0173926    14.83   0.000     .2239171    .2920947
      1 1988  |   .2175323   .0171657    12.67   0.000      .183888    .2511765
      1 1989  |   .2699118   .0179061    15.07   0.000     .2348164    .3050072
      1 1990  |   .2280704   .0173816    13.12   0.000     .1940031    .2621376
      1 1991  |   .2276117   .0172058    13.23   0.000      .193889    .2613345
      1 1993  |   .2443261   .0160913    15.18   0.000     .2127877    .2758646
      1 1994  |   .2529752   .0114785    22.04   0.000     .2304778    .2754726
      1 1996  |   .2740606   .0122963    22.29   0.000     .2499603     .298161
      1 1998  |   .2764183   .0124154    22.26   0.000     .2520845    .3007521
      1 2000  |   .2626738   .0123501    21.27   0.000     .2384682    .2868795
      1 2002  |   .2491912   .0173137    14.39   0.000      .215257    .2831253
      1 2004  |   .2551553   .0182324    13.99   0.000     .2194206    .2908901
      1 2006  |   .2788328   .0137443    20.29   0.000     .2518946    .3057711
      1 2008  |   .2892733   .0169092    17.11   0.000     .2561319    .3224148
      1 2010  |   .2965088   .0169797    17.46   0.000     .2632292    .3297883
      1 2012  |    .299159   .0175266    17.07   0.000     .2648076    .3335105
      1 2014  |   .2885717   .0143024    20.18   0.000     .2605395     .316604
      1 2016  |    .301125   .0137179    21.95   0.000     .2742384    .3280116
      1 2018  |   .3159353   .0165533    19.09   0.000     .2834914    .3483791
      2 1977  |   .3302532   .0196308    16.82   0.000     .2917775    .3687289
      2 1978  |   .3856684   .0211238    18.26   0.000     .3442666    .4270702
      2 1980  |   .3687899   .0211304    17.45   0.000     .3273751    .4102046
      2 1982  |   .3738726   .0206523    18.10   0.000     .3333949    .4143504
      2 1983  |   .3599092   .0198201    18.16   0.000     .3210625    .3987559
      2 1984  |   .3781786    .021013    18.00   0.000     .3369939    .4193633
      2 1985  |   .3870001   .0200678    19.28   0.000     .3476678    .4263323
      2 1986  |   .3812894   .0210028    18.15   0.000     .3401248    .4224541
      2 1987  |   .3654731    .018962    19.27   0.000     .3283082     .402638
      2 1988  |   .4082786   .0204479    19.97   0.000     .3682015    .4483558
      2 1989  |   .3694689   .0199567    18.51   0.000     .3303545    .4085833
      2 1990  |   .3875597   .0204008    19.00   0.000     .3475749    .4275445
      2 1991  |   .4141782   .0199543    20.76   0.000     .3750685     .453288
      2 1993  |   .4032039    .018616    21.66   0.000     .3667172    .4396906
      2 1994  |   .3583825   .0129216    27.74   0.000     .3330566    .3837083
      2 1996  |   .3567086   .0131212    27.19   0.000     .3309914    .3824257
      2 1998  |   .3584232   .0134131    26.72   0.000     .3321339    .3847124
      2 2000  |   .3291976   .0132643    24.82   0.000     .3032001    .3551951
      2 2002  |   .3665052   .0198433    18.47   0.000     .3276131    .4053974
      2 2004  |   .4106694   .0210863    19.48   0.000      .369341    .4519979
      2 2006  |     .34145    .014371    23.76   0.000     .3132833    .3696166
      2 2008  |   .3714569   .0182162    20.39   0.000     .3357538      .40716
      2 2010  |   .3406153   .0174152    19.56   0.000     .3064822    .3747485
      2 2012  |   .3207008   .0178445    17.97   0.000     .2857263    .3556753
      2 2014  |   .3339004   .0151678    22.01   0.000     .3041721    .3636286
      2 2016  |   .3496029   .0146713    23.83   0.000     .3208477     .378358
      2 2018  |   .3269564     .01696    19.28   0.000     .2937154    .3601974
      3 1977  |   .0314139   .0072717     4.32   0.000     .0171617    .0456661
      3 1978  |   .0116868   .0053703     2.18   0.030     .0011611    .0222125
      3 1980  |   .0329116   .0077444     4.25   0.000     .0177329    .0480903
      3 1982  |   .0234771   .0065653     3.58   0.000     .0106093    .0363448
      3 1983  |   .0265747   .0072112     3.69   0.000     .0124409    .0407084
      3 1984  |    .019688   .0056358     3.49   0.000     .0086421    .0307339
      3 1985  |   .0219193   .0065485     3.35   0.001     .0090845    .0347541
      3 1986  |   .0141509   .0051766     2.73   0.006      .004005    .0242969
      3 1987  |   .0151877   .0048145     3.15   0.002     .0057515     .024624
      3 1988  |    .007305    .003705     1.97   0.049     .0000433    .0145667
      3 1989  |   .0162242   .0050698     3.20   0.001     .0062875    .0261609
      3 1990  |   .0103668   .0050719     2.04   0.041     .0004262    .0203075
      3 1991  |    .013433   .0045712     2.94   0.003     .0044735    .0223924
      3 1993  |   .0100131   .0038153     2.62   0.009     .0025353     .017491
      3 1994  |   .0112206   .0027684     4.05   0.000     .0057947    .0166466
      3 1996  |   .0078709   .0026173     3.01   0.003     .0027411    .0130008
      3 1998  |   .0082308   .0026856     3.06   0.002     .0029671    .0134944
      3 2000  |   .0129245   .0032912     3.93   0.000     .0064738    .0193753
      3 2002  |   .0048541   .0025538     1.90   0.057    -.0001513    .0098595
      3 2004  |   .0074411   .0031197     2.39   0.017     .0013266    .0135556
      3 2006  |    .012944    .003155     4.10   0.000     .0067603    .0191277
      3 2008  |    .014375   .0040222     3.57   0.000     .0064917    .0222583
      3 2010  |   .0084533   .0029182     2.90   0.004     .0027337    .0141729
      3 2012  |   .0024107   .0013252     1.82   0.069    -.0001866     .005008
      3 2014  |   .0078283   .0027383     2.86   0.004     .0024613    .0131953
      3 2016  |   .0054947   .0022522     2.44   0.015     .0010805    .0099089
      3 2018  |   .0078596   .0026449     2.97   0.003     .0026757    .0130434
      4 1977  |   .0766234   .0108407     7.07   0.000      .055376    .0978708
      4 1978  |   .1076652   .0132837     8.11   0.000     .0816297    .1337007
      4 1980  |    .111397    .014258     7.81   0.000     .0834519    .1393421
      4 1982  |   .0897262   .0113372     7.91   0.000     .0675056    .1119468
      4 1983  |   .1146556   .0135388     8.47   0.000     .0881201    .1411911
      4 1984  |   .1197702   .0141416     8.47   0.000     .0920532    .1474872
      4 1985  |   .0823869   .0108169     7.62   0.000     .0611861    .1035877
      4 1986  |   .1202831   .0138752     8.67   0.000     .0930882     .147478
      4 1987  |   .1184736   .0124083     9.55   0.000     .0941538    .1427933
      4 1988  |   .1063309   .0124124     8.57   0.000      .082003    .1306588
      4 1989  |   .0973446   .0117366     8.29   0.000     .0743413     .120348
      4 1990  |   .1036678   .0128907     8.04   0.000     .0784025    .1289331
      4 1991  |   .1171649   .0131365     8.92   0.000     .0914178     .142912
      4 1993  |   .1034708   .0113538     9.11   0.000     .0812177    .1257239
      4 1994  |   .1322672   .0091017    14.53   0.000     .1144281    .1501063
      4 1996  |   .1180679   .0087856    13.44   0.000     .1008485    .1352873
      4 1998  |   .1287036   .0094266    13.65   0.000     .1102278    .1471794
      4 2000  |   .1488759   .0100906    14.75   0.000     .1290987     .168653
      4 2002  |   .1423942   .0144271     9.87   0.000     .1141176    .1706708
      4 2004  |   .1511455   .0152861     9.89   0.000     .1211852    .1811058
      4 2006  |   .1191635    .009428    12.64   0.000      .100685    .1376421
      4 2008  |   .1165773   .0119022     9.79   0.000     .0932494    .1399051
      4 2010  |   .1394919   .0124236    11.23   0.000     .1151421    .1638416
      4 2012  |   .1253668   .0117129    10.70   0.000       .10241    .1483235
      4 2014  |   .1509232   .0112797    13.38   0.000     .1288154     .173031
      4 2016  |   .1436621   .0111708    12.86   0.000     .1217677    .1655565
      4 2018  |   .1128937   .0115191     9.80   0.000     .0903167    .1354708
      5 1977  |   .3386954   .0196732    17.22   0.000     .3001367    .3772541
      5 1978  |   .2963254   .0196888    15.05   0.000     .2577361    .3349147
      5 1980  |   .2700529   .0197558    13.67   0.000     .2313323    .3087736
      5 1982  |   .2815463   .0189099    14.89   0.000     .2444836    .3186091
      5 1983  |   .2634776   .0185236    14.22   0.000      .227172    .2997831
      5 1984  |   .2321574   .0186076    12.48   0.000     .1956873    .2686275
      5 1985  |   .2713535   .0185875    14.60   0.000     .2349227    .3077842
      5 1986  |   .2531447   .0190351    13.30   0.000     .2158367    .2904528
      5 1987  |   .2392068   .0166047    14.41   0.000     .2066622    .2717514
      5 1988  |   .2540597   .0185714    13.68   0.000     .2176603     .290459
      5 1989  |   .2330383   .0177053    13.16   0.000     .1983367      .26774
      5 1990  |   .2687404   .0188537    14.25   0.000     .2317879    .3056929
      5 1991  |   .2231345    .017563    12.70   0.000     .1887117    .2575573
      5 1993  |   .2369836   .0165821    14.29   0.000     .2044833    .2694838
      5 1994  |   .2424344   .0117921    20.56   0.000     .2193223    .2655466
      5 1996  |   .2422186   .0117572    20.60   0.000      .219175    .2652622
      5 1998  |   .2274759   .0118333    19.22   0.000     .2042829    .2506688
      5 2000  |   .2448077   .0122842    19.93   0.000      .220731    .2688844
      5 2002  |   .2346282   .0174608    13.44   0.000     .2004057    .2688506
      5 2004  |    .174678   .0163897    10.66   0.000     .1425547    .2068013
      5 2006  |   .2441117   .0131685    18.54   0.000      .218302    .2699215
      5 2008  |   .2053534   .0147999    13.88   0.000     .1763461    .2343607
      5 2010  |   .2091885   .0148202    14.12   0.000     .1801414    .2382356
      5 2012  |   .2399045   .0185855    12.91   0.000     .2034777    .2763314
      5 2014  |   .2110885   .0131063    16.11   0.000     .1854006    .2367764
      5 2016  |    .198154     .01239    15.99   0.000     .1738701    .2224379
      5 2018  |   .2333762   .0153785    15.18   0.000     .2032349    .2635174
      6 1977  |   .0145587   .0052114     2.79   0.005     .0043447    .0247728
      6 1978  |   .0108517   .0041552     2.61   0.009     .0027077    .0189957
      6 1980  |   .0050636   .0029172     1.74   0.083    -.0006539    .0107811
      6 1982  |   .0015705   .0009078     1.73   0.084    -.0002088    .0033497
      6 1983  |   .0068337   .0034675     1.97   0.049     .0000374    .0136299
      6 1984  |   .0139461   .0048233     2.89   0.004     .0044926    .0233996
      6 1985  |   3.61e-09   1.49e-10    24.25   0.000     3.32e-09    3.90e-09
      6 1986  |   .0031446   .0022208     1.42   0.157    -.0012081    .0074972
      6 1987  |   .0036529    .002179     1.68   0.094    -.0006179    .0079236
      6 1988  |   .0064936     .00396     1.64   0.101    -.0012679     .014255
      6 1989  |   .0140121   .0045769     3.06   0.002     .0050415    .0229827
      6 1990  |   .0015949   .0015938     1.00   0.317     -.001529    .0047187
      6 1991  |   .0044776   .0023565     1.90   0.057    -.0001409    .0090962
      6 1993  |   .0020025   .0014917     1.34   0.179    -.0009211    .0049262
      6 1994  |   .0027201   .0012709     2.14   0.032     .0002291     .005211
      6 1996  |   .0010734   .0007997     1.34   0.180    -.0004941    .0026408
      6 1998  |   .0007483    .000748     1.00   0.317    -.0007178    .0022144
      6 2000  |   .0015205   .0010744     1.42   0.157    -.0005853    .0036263
      6 2002  |   .0024271   .0018075     1.34   0.179    -.0011155    .0059697
      6 2004  |   .0009106   .0009106     1.00   0.317    -.0008742    .0026954
      6 2006  |    .003498   .0013731     2.55   0.011     .0008067    .0061892
      6 2008  |   .0029641   .0018136     1.63   0.102    -.0005905    .0065187
      6 2010  |   .0057422   .0020778     2.76   0.006     .0016697    .0098147
      6 2012  |   .0124581   .0037836     3.29   0.001     .0050424    .0198738
      6 2014  |   .0076879   .0025311     3.04   0.002     .0027271    .0126488
      6 2016  |   .0019614   .0012889     1.52   0.128    -.0005649    .0044876
      6 2018  |   .0029788   .0020506     1.45   0.146    -.0010403    .0069979
-------------------------------------------------------------------------------
(file data/egp6-trend-data.dta not found)

. marginsplot, ///
>         plot1opts(mcolor(blue) lcolor(blue)) ci1opts(color(blue)) ///
>         plot2opts(mcolor(black) lcolor(black)) ci2opts(color(black)) ///
>         plot3opts(mcolor(purple) lcolor(purple)) ci3opts(color(purple)) ///
>         plot4opts(mcolor(dkgreen) lcolor(dkgreen)) ci4opts(color(dkgreen)) ///
>         plot5opts(mcolor(red) lcolor(red)) ci5opts(color(red)) ///
>         plot6opts(mcolor(orange) lcolor(orange)) ci6opts(color(orange)) ///
>         title("Current Classes", size(medlarge)) ymtick(,tlcolor(black)) ///
>         ytitle("") xtitle("")  xlabel(1977 1988(10)2018,  glwidth(medthin) ///
>                                 labsize(medlarge) nogrid labcolor(black) tlcolor(black)) ///
>         plotr(m(small)) aspectratio(0.8)  ///
>         yscale(lcolor(black)) xscale(lcolor(black))  ///
>         ylabel(0(0.1)0.5,  labsize(medlarge) labcolor(black) tlcolor(black) format(%5.1f)) ///
>         ciopt(color(%50)) recastci(rspike)   ///
>         plotopts(lwidth(medthick)) ///
>         legend(col(3)   ///
>         order(7 "Salariat (I+II)" 8 "Intermediate (IIIa+IVab+V)" ///
>                   9 "Farming (IVc+VIIb)" 10 "Working, Service (IIIb)" ///
>                   11 "Working, Manual (VI+VIIa)" 12 "Military")) 

Variables that uniquely identify margins: year

. 
. graph save graph/egp6-dist-survey-year.gph, replace
(file graph/egp6-dist-survey-year.gph not found)
file graph/egp6-dist-survey-year.gph saved

. gr export graph/egp6-dist-survey-year.pdf, replace
file graph/egp6-dist-survey-year.pdf saved as PDF format

. 
. mlogit oegp10_6_rf i.year [pw=wt_scaled]

Iteration 0:   log pseudolikelihood = -37579.136  
Iteration 1:   log pseudolikelihood = -36847.293  
Iteration 2:   log pseudolikelihood =  -36806.76  
Iteration 3:   log pseudolikelihood = -36806.424  
Iteration 4:   log pseudolikelihood = -36806.424  

Multinomial logistic regression                       Number of obs  =  25,031
                                                      Wald chi2(130) = 1059.97
                                                      Prob > chi2    =  0.0000
Log pseudolikelihood = -36806.424                     Pseudo R2      =  0.0206

----------------------------------------------------------------------------------
                 |               Robust
     oegp10_6_rf | Coefficient  std. err.      z    P>|z|     [95% conf. interval]
-----------------+----------------------------------------------------------------
Salariat         |
            year |
           1978  |   .0396777   .2379398     0.17   0.868    -.4266757     .506031
           1980  |   .4663885   .2245809     2.08   0.038      .026218     .906559
           1982  |   .4316274    .220716     1.96   0.051     -.000968    .8642229
           1983  |   .5417171   .2151437     2.52   0.012     .1200433     .963391
           1984  |   .5281863   .2252492     2.34   0.019     .0867059    .9696666
           1985  |   .7786554   .2135866     3.65   0.000     .3600334    1.197277
           1986  |   .7366242   .2188015     3.37   0.001     .3077811    1.165467
           1987  |   .7836621   .2096615     3.74   0.000     .3727332    1.194591
           1988  |   .6846347    .211455     3.24   0.001     .2701906    1.099079
           1989  |   .8795186    .208249     4.22   0.000      .471358    1.287679
           1990  |   .7045412   .2146292     3.28   0.001     .2838758    1.125207
           1991  |   .7028276   .2123257     3.31   0.001      .286677    1.118978
           1993  |   1.101184   .1998737     5.51   0.000     .7094383    1.492929
           1994  |    1.23903    .183814     6.74   0.000     .8787616    1.599299
           1996  |   1.505169   .1843631     8.16   0.000     1.143824    1.866514
           1998  |   1.375386   .1848216     7.44   0.000     1.013142    1.737629
           2000  |   1.305881   .1865221     7.00   0.000     .9403045    1.671458
           2002  |   1.414281   .2015195     7.02   0.000      1.01931    1.809252
           2004  |   1.398743   .2021287     6.92   0.000     1.002578    1.794908
           2006  |   1.607885   .1869446     8.60   0.000     1.241481     1.97429
           2008  |   1.620066   .1951535     8.30   0.000     1.237572     2.00256
           2010  |   1.738451   .1933585     8.99   0.000     1.359475    2.117427
           2012  |   1.724562   .1997136     8.64   0.000     1.333131    2.115994
           2014  |    1.74981   .1897609     9.22   0.000     1.377885    2.121734
           2016  |   1.876914   .1866917    10.05   0.000     1.511005    2.242823
           2018  |   1.839552   .1950773     9.43   0.000     1.457208    2.221897
                 |
           _cons |  -1.807066   .1692231   -10.68   0.000    -2.138737   -1.475395
-----------------+----------------------------------------------------------------
Intermediate     |
            year |
           1978  |    .051093   .1496838     0.34   0.733    -.2422819    .3444679
           1980  |  -.0066872   .1522795    -0.04   0.965    -.3051496    .2917751
           1982  |   .0183144   .1497112     0.12   0.903    -.2751141    .3117428
           1983  |   .1206235   .1463321     0.82   0.410    -.1661821    .4074291
           1984  |   .0637446   .1521999     0.42   0.675    -.2345617    .3620509
           1985  |   .1543874   .1485721     1.04   0.299    -.1368087    .4455834
           1986  |   .2117098   .1500398     1.41   0.158    -.0823629    .5057824
           1987  |   .3415916    .144598     2.36   0.018     .0581847    .6249986
           1988  |   .0039069   .1499429     0.03   0.979    -.2899757    .2977895
           1989  |     .11655   .1477541     0.79   0.430    -.1730428    .4061427
           1990  |   .1596296   .1473417     1.08   0.279    -.1291548    .4484141
           1991  |   .0497338   .1472565     0.34   0.736    -.2388837    .3383512
           1993  |   .1863121   .1434019     1.30   0.194    -.0947503    .4673746
           1994  |   .0853117   .1276308     0.67   0.504    -.1648401    .3354636
           1996  |   .3175469    .128081     2.48   0.013     .0665126    .5685811
           1998  |   .1534933   .1289652     1.19   0.234    -.0992738    .4062604
           2000  |   .2494088   .1284495     1.94   0.052    -.0023477    .5011652
           2002  |   .2130359   .1498048     1.42   0.155    -.0805762    .5066479
           2004  |   .1071775    .156116     0.69   0.492    -.1988043    .4131593
           2006  |   .2893003   .1331684     2.17   0.030     .0282949    .5503056
           2008  |    .326135   .1437617     2.27   0.023     .0443672    .6079028
           2010  |   .4065705   .1453775     2.80   0.005     .1216359    .6915051
           2012  |   .2875531   .1482321     1.94   0.052    -.0029765    .5780827
           2014  |   .4987023   .1355944     3.68   0.000     .2329422    .7644623
           2016  |   .4136755   .1349583     3.07   0.002     .1491621     .678189
           2018  |   .5980233   .1437684     4.16   0.000     .3162425    .8798042
                 |
           _cons |  -.4953185   .1066455    -4.64   0.000    -.7043398   -.2862972
-----------------+----------------------------------------------------------------
Farming          |
            year |
           1978  |  -.4344671   .1647051    -2.64   0.008    -.7572833    -.111651
           1980  |  -.2411639   .1647653    -1.46   0.143     -.564098    .0817701
           1982  |  -.5503298   .1687049    -3.26   0.001    -.8809854   -.2196742
           1983  |  -.7069824   .1743684    -4.05   0.000    -1.048738   -.3652267
           1984  |  -.2646977    .166209    -1.59   0.111    -.5904615     .061066
           1985  |  -.2943681   .1661048    -1.77   0.076    -.6199275    .0311913
           1986  |  -.5308881   .1737397    -3.06   0.002    -.8714117   -.1903645
           1987  |  -.2572785   .1588859    -1.62   0.105    -.5686891    .0541321
           1988  |  -.5358068   .1700582    -3.15   0.002    -.8691148   -.2024988
           1989  |  -.6569802   .1734842    -3.79   0.000    -.9970029   -.3169575
           1990  |   -.953838   .1878764    -5.08   0.000    -1.322069   -.5856071
           1991  |    -.56469   .1715485    -3.29   0.001     -.900919   -.2284611
           1993  |  -.6578095   .1746786    -3.77   0.000    -1.000173   -.3154457
           1994  |  -.7860612   .1460077    -5.38   0.000    -1.072231   -.4998913
           1996  |  -.7805757   .1515498    -5.15   0.000    -1.077608   -.4835436
           1998  |  -.8084222   .1526293    -5.30   0.000     -1.10757   -.5092742
           2000  |  -.7436008   .1515625    -4.91   0.000    -1.040658   -.4465439
           2002  |  -1.026747   .2025732    -5.07   0.000    -1.423783   -.6297105
           2004  |  -1.029158     .20127    -5.11   0.000     -1.42364   -.6346758
           2006  |  -.9313666   .1611552    -5.78   0.000    -1.247225   -.6155083
           2008  |  -.8038598   .1889548    -4.25   0.000    -1.174204   -.4335151
           2010  |  -1.191667   .1988331    -5.99   0.000    -1.581372   -.8019608
           2012  |  -.8982798    .192847    -4.66   0.000    -1.276253   -.5203066
           2014  |  -.9937971    .180037    -5.52   0.000    -1.346663   -.6409311
           2016  |  -1.239143   .1878777    -6.60   0.000    -1.607376    -.870909
           2018  |  -1.120863   .1998786    -5.61   0.000    -1.512618   -.7291085
                 |
           _cons |  -.5395533   .1073068    -5.03   0.000    -.7498707   -.3292359
-----------------+----------------------------------------------------------------
Working_IIIb_    |
            year |
           1978  |  -.2819103   .3736112    -0.75   0.451    -1.014175    .4503543
           1980  |  -.0529105   .3871013    -0.14   0.891    -.8116151    .7057942
           1982  |   .5313111   .3175324     1.67   0.094     -.091041    1.153663
           1983  |    .084796   .3442153     0.25   0.805    -.5898535    .7594456
           1984  |   .3702509   .3281896     1.13   0.259    -.2729889    1.013491
           1985  |   .5539339   .3187461     1.74   0.082     -.070797    1.178665
           1986  |    .500565   .3281668     1.53   0.127      -.14263     1.14376
           1987  |  -.1430624   .3499518    -0.41   0.683    -.8289553    .5428305
           1988  |   .2414932   .3288715     0.73   0.463    -.4030832    .8860695
           1989  |   .3430196   .3318977     1.03   0.301     -.307488    .9935272
           1990  |    .622446   .3140695     1.98   0.047     .0068811    1.238011
           1991  |   .6731419   .3093352     2.18   0.030      .066856    1.279428
           1993  |   .6125421   .3087492     1.98   0.047     .0074048    1.217679
           1994  |   .5127834    .284086     1.81   0.071     -.044015    1.069582
           1996  |   .8020631   .2811109     2.85   0.004     .2510959     1.35303
           1998  |   .7280066   .2847258     2.56   0.011     .1699544    1.286059
           2000  |   .8795502   .2807507     3.13   0.002     .3292889    1.429811
           2002  |   .7664862   .3110977     2.46   0.014      .156746    1.376226
           2004  |   .9196377   .3108689     2.96   0.003     .3103459     1.52893
           2006  |   .8404859   .2879402     2.92   0.004     .2761335    1.404838
           2008  |   .4974586   .3120105     1.59   0.111    -.1140708    1.108988
           2010  |   1.066918   .3022086     3.53   0.000     .4746002    1.659236
           2012  |   1.106988   .2986253     3.71   0.000      .521693    1.692283
           2014  |   1.123615   .2864647     3.92   0.000     .5621541    1.685075
           2016  |    1.25476   .2853827     4.40   0.000       .69542      1.8141
           2018  |   1.129082   .2955841     3.82   0.000     .5497482    1.708416
                 |
           _cons |  -2.584097   .2533705   -10.20   0.000    -3.080694     -2.0875
-----------------+----------------------------------------------------------------
Working_VI_VIIa_ |  (base outcome)
-----------------+----------------------------------------------------------------
Military         |
            year |
           1978  |  -.1295506   .5353301    -0.24   0.809    -1.178778    .9196771
           1980  |  -.1270427   .5197407    -0.24   0.807    -1.145716    .8916302
           1982  |  -.1885458   .5397159    -0.35   0.727     -1.24637     .869278
           1983  |  -.8816389   .6629697    -1.33   0.184    -2.181036    .4177579
           1984  |  -.0447179   .5063202    -0.09   0.930    -1.037087    .9476516
           1985  |   .2402745    .497269     0.48   0.629    -.7343547    1.214904
           1986  |   .0785605    .501452     0.16   0.876    -.9042673    1.061388
           1987  |   .4422911   .4725822     0.94   0.349     -.483953    1.368535
           1988  |   .3104913   .4711985     0.66   0.510    -.6130407    1.234023
           1989  |   .3072747   .4867389     0.63   0.528     -.646716    1.261265
           1990  |    .206495   .5026594     0.41   0.681    -.7786992    1.191689
           1991  |   .6539676   .4623174     1.41   0.157    -.2521578    1.560093
           1993  |   .2760548   .4600953     0.60   0.549    -.6257153    1.177825
           1994  |    .386424   .4172066     0.93   0.354     -.431286    1.204134
           1996  |  -.2805482   .4641104    -0.60   0.546    -1.190188    .6290915
           1998  |   .4312656   .4169126     1.03   0.301    -.3858681    1.248399
           2000  |   .1495788   .4513866     0.33   0.740    -.7351227     1.03428
           2002  |   .8015674   .4570995     1.75   0.079    -.0943311    1.697466
           2004  |    .384541    .496857     0.77   0.439    -.5892809    1.358363
           2006  |   .6589972   .4274643     1.54   0.123    -.1788173    1.496812
           2008  |   .8337829   .4443062     1.88   0.061    -.0370411    1.704607
           2010  |    .571397   .4525174     1.26   0.207    -.3155207    1.458315
           2012  |   1.578104   .4131603     3.82   0.000     .7683246    2.387883
           2014  |   1.018342   .4192143     2.43   0.015     .1966969    1.839987
           2016  |   .5126389   .4411941     1.16   0.245    -.3520856    1.377363
           2018  |   1.383839   .4192786     3.30   0.001     .5620677     2.20561
                 |
           _cons |  -3.500377   .3594401    -9.74   0.000    -4.204867   -2.795888
----------------------------------------------------------------------------------

. margins i.year, level(95)

Adjusted predictions                                    Number of obs = 25,031
Model VCE: Robust

1._predict: Pr(oegp10_6_rf==Salariat), predict(pr outcome(1))
2._predict: Pr(oegp10_6_rf==Intermediate), predict(pr outcome(2))
3._predict: Pr(oegp10_6_rf==Farming), predict(pr outcome(3))
4._predict: Pr(oegp10_6_rf==Working_IIIb_), predict(pr outcome(4))
5._predict: Pr(oegp10_6_rf==Working_VI_VIIa_), predict(pr outcome(5))
6._predict: Pr(oegp10_6_rf==Military), predict(pr outcome(6))

-------------------------------------------------------------------------------
              |            Delta-method
              |     Margin   std. err.      z    P>|z|     [95% conf. interval]
--------------+----------------------------------------------------------------
_predict#year |
      1 1977  |   .0666627     .01009     6.61   0.000     .0468866    .0864388
      1 1978  |     .07513   .0111487     6.74   0.000     .0532791     .096981
      1 1980  |   .1079837   .0133281     8.10   0.000     .0818612    .1341062
      1 1982  |   .1069525   .0127719     8.37   0.000       .08192     .131985
      1 1983  |    .119969   .0131261     9.14   0.000     .0942423    .1456958
      1 1984  |   .1107459   .0137539     8.05   0.000     .0837887    .1377031
      1 1985  |   .1337867   .0139307     9.60   0.000      .106483    .1610904
      1 1986  |   .1320755    .014638     9.02   0.000     .1033856    .1607653
      1 1987  |   .1292691   .0128212    10.08   0.000     .1041401    .1543981
      1 1988  |   .1347396   .0136614     9.86   0.000     .1079637    .1615155
      1 1989  |    .156342   .0146522    10.67   0.000     .1276242    .1850598
      1 1990  |   .1355662   .0144104     9.41   0.000     .1073224      .16381
      1 1991  |   .1320905   .0135496     9.75   0.000     .1055338    .1586472
      1 1993  |   .1822437   .0142435    12.79   0.000     .1543269    .2101605
      1 1994  |   .2125129   .0107481    19.77   0.000     .1914471    .2335787
      1 1996  |   .2436495   .0117349    20.76   0.000     .2206496    .2666494
      1 1998  |    .230094   .0116037    19.83   0.000     .2073512    .2528367
      1 2000  |   .2102145   .0115943    18.13   0.000     .1874901     .232939
      1 2002  |   .2354369   .0173909    13.54   0.000     .2013514    .2695223
      1 2004  |   .2386921   .0176911    13.49   0.000     .2040182    .2733661
      1 2006  |   .2646504   .0135373    19.55   0.000     .2381178     .291183
      1 2008  |   .2651384   .0166637    15.91   0.000     .2324782    .2977985
      1 2010  |   .2830543   .0159965    17.69   0.000     .2517016    .3144069
      1 2012  |   .2752611   .0183905    14.97   0.000     .2392163    .3113059
      1 2014  |   .2714241    .014251    19.05   0.000     .2434925    .2993556
      1 2016  |   .3083349   .0139784    22.06   0.000     .2809378    .3357321
      1 2018  |   .2803243   .0160808    17.43   0.000     .2488065    .3118421
      2 1977  |   .2474958   .0181053    13.67   0.000       .21201    .2829815
      2 1978  |   .2821342   .0195912    14.40   0.000     .2437362    .3205322
      2 1980  |   .2497978   .0183984    13.58   0.000     .2137376    .2858581
      2 1982  |   .2626491   .0186178    14.11   0.000      .226159    .2991393
      2 1983  |   .2923311   .0188779    15.49   0.000     .2553311    .3293311
      2 1984  |    .258409   .0188228    13.73   0.000     .2215171    .2953009
      2 1985  |   .2660611   .0180473    14.74   0.000      .230689    .3014332
      2 1986  |   .2900943   .0192517    15.07   0.000     .2523616     .327827
      2 1987  |    .308454   .0185381    16.64   0.000     .2721201    .3447879
      2 1988  |   .2532465   .0180128    14.06   0.000     .2179421     .288551
      2 1989  |   .2706495   .0180805    14.97   0.000     .2352123    .3060867
      2 1990  |   .2918663   .0190447    15.33   0.000     .2545394    .3291932
      2 1991  |   .2552237   .0172263    14.82   0.000     .2214608    .2889866
      2 1993  |   .2710275   .0167803    16.15   0.000     .2381388    .3039163
      2 1994  |    .248895   .0116957    21.28   0.000     .2259718    .2718182
      2 1996  |   .2758496   .0122703    22.48   0.000     .2518004    .2998989
      2 1998  |   .2517263   .0119964    20.98   0.000     .2282138    .2752389
      2 2000  |   .2713483   .0124315    21.83   0.000     .2469829    .2957137
      2 2002  |    .262945   .0178994    14.69   0.000     .2278629    .2980271
      2 2004  |   .2435582   .0185882    13.10   0.000     .2071259    .2799905
      2 2006  |    .262847   .0135375    19.42   0.000      .236314      .28938
      2 2008  |   .2699045   .0166974    16.16   0.000     .2371783    .3026307
      2 2010  |   .2774125   .0168552    16.46   0.000     .2443768    .3104482
      2 2012  |   .2428534   .0163855    14.82   0.000     .2107384    .2749683
      2 2014  |   .2883924   .0143478    20.10   0.000     .2602713    .3165135
      2 2016  |   .2649909   .0135128    19.61   0.000     .2385063    .2914755
      2 2018  |   .3007158   .0166259    18.09   0.000     .2681297    .3333018
      3 1977  |   .2367864   .0176874    13.39   0.000     .2021197    .2714532
      3 1978  |   .1660997   .0161462    10.29   0.000     .1344538    .1977455
      3 1980  |   .1890366    .017579    10.75   0.000     .1545824    .2234908
      3 1982  |   .1423004   .0148544     9.58   0.000     .1131864    .1714144
      3 1983  |   .1222474   .0138556     8.82   0.000     .0950909    .1494038
      3 1984  |   .1780148   .0170991    10.41   0.000     .1445012    .2115284
      3 1985  |   .1625094   .0158506    10.25   0.000     .1314428    .1935759
      3 1986  |   .1320755   .0143872     9.18   0.000      .103877     .160274
      3 1987  |   .1621413   .0145262    11.16   0.000     .1336705     .190612
      3 1988  |   .1412336   .0148675     9.50   0.000     .1120938    .1703733
      3 1989  |   .1194693   .0133439     8.95   0.000     .0933158    .1456229
      3 1990  |   .0917065   .0121783     7.53   0.000     .0678375    .1155755
      3 1991  |   .1320898   .0142282     9.28   0.000      .104203    .1599766
      3 1993  |   .1114821   .0127688     8.73   0.000     .0864558    .1365084
      3 1994  |    .099626   .0083371    11.95   0.000     .0832857    .1159664
      3 1996  |   .0880142   .0080167    10.98   0.000     .0723017    .1037268
      3 1998  |   .0920371   .0085102    10.81   0.000     .0753575    .1087168
      3 2000  |    .096174   .0087126    11.04   0.000     .0790977    .1132503
      3 2002  |   .0728154   .0109881     6.63   0.000     .0512791    .0943518
      3 2004  |   .0747976   .0111101     6.73   0.000     .0530222     .096573
      3 2006  |    .074193   .0077547     9.57   0.000     .0589941    .0893919
      3 2008  |   .0834159    .011256     7.41   0.000     .0613545    .1054773
      3 2010  |   .0536796   .0080246     6.69   0.000     .0379517    .0694076
      3 2012  |   .0709794   .0099132     7.16   0.000     .0515498     .090409
      3 2014  |   .0620281   .0078945     7.86   0.000     .0465551    .0775012
      3 2016  |   .0485524   .0067672     7.17   0.000     .0352888    .0618159
      3 2018  |   .0515754   .0077232     6.68   0.000     .0364381    .0667126
      4 1977  |   .0306495   .0073846     4.15   0.000     .0161759     .045123
      4 1978  |   .0250432   .0065988     3.80   0.000     .0121098    .0379765
      4 1980  |   .0295372    .008248     3.58   0.000     .0133714     .045703
      4 1982  |   .0543279   .0095166     5.71   0.000     .0356757    .0729801
      4 1983  |   .0349278   .0076792     4.55   0.000     .0198768    .0499787
      4 1984  |   .0434787   .0083986     5.18   0.000     .0270177    .0599398
      4 1985  |   .0491312   .0087017     5.65   0.000     .0320761    .0661863
      4 1986  |    .047956   .0091745     5.23   0.000     .0299742    .0659378
      4 1987  |   .0235268   .0054229     4.34   0.000     .0128981    .0341555
      4 1988  |   .0397723   .0077699     5.12   0.000     .0245437     .055001
      4 1989  |   .0420356   .0083804     5.02   0.000     .0256102    .0584609
      4 1990  |   .0574166   .0096766     5.93   0.000     .0384507    .0763825
      4 1991  |   .0589548   .0094244     6.26   0.000     .0404834    .0774262
      4 1993  |   .0514018   .0082577     6.22   0.000      .035217    .0675865
      4 1994  |   .0472629   .0055712     8.48   0.000     .0363435    .0581822
      4 1996  |   .0554562   .0060476     9.17   0.000     .0436031    .0673094
      4 1998  |   .0553722   .0064989     8.52   0.000     .0426346    .0681098
      4 2000  |   .0631029    .006791     9.29   0.000     .0497928     .076413
      4 2002  |   .0566344   .0091825     6.17   0.000     .0386371    .0746318
      4 2004  |   .0679681   .0108253     6.28   0.000     .0467508    .0891853
      4 2006  |   .0564853   .0069448     8.13   0.000     .0428737    .0700968
      4 2008  |   .0396707   .0066651     5.95   0.000     .0266074    .0527341
      4 2010  |   .0664916   .0096301     6.90   0.000      .047617    .0853661
      4 2012  |   .0682457   .0094121     7.25   0.000     .0497983    .0866931
      4 2014  |   .0667168   .0077252     8.64   0.000     .0515756    .0818579
      4 2016  |   .0760965   .0085949     8.85   0.000     .0592507    .0929422
      4 2018  |   .0633355   .0083241     7.61   0.000     .0470207    .0796504
      5 1977  |   .4061457     .02036    19.95   0.000     .3662408    .4460506
      5 1978  |   .4399268   .0215102    20.45   0.000     .3977677     .482086
      5 1980  |   .4126739   .0217308    18.99   0.000     .3700822    .4552656
      5 1982  |   .4231908   .0208275    20.32   0.000     .3823696     .464012
      5 1983  |   .4252096   .0206892    20.55   0.000     .3846595    .4657596
      5 1984  |   .3978669   .0212168    18.75   0.000     .3562827    .4394511
      5 1985  |   .3741501    .019918    18.78   0.000     .3351116    .4131886
      5 1986  |   .3852201   .0211587    18.21   0.000     .3437498    .4266904
      5 1987  |   .3597105   .0187058    19.23   0.000     .3230479    .3963732
      5 1988  |   .4139624   .0206937    20.00   0.000     .3734035    .4545212
      5 1989  |   .3952795   .0201943    19.57   0.000     .3556994    .4348597
      5 1990  |   .4082928   .0206706    19.75   0.000     .3677792    .4488064
      5 1991  |    .398507   .0201748    19.75   0.000      .358965     .438049
      5 1993  |   .3691588   .0183975    20.07   0.000     .3331004    .4052172
      5 1994  |    .375042   .0130785    28.68   0.000     .3494086    .4006753
      5 1996  |   .3295169   .0129167    25.51   0.000     .3042007    .3548331
      5 1998  |   .3543084   .0134574    26.33   0.000     .3279323    .3806844
      5 2000  |   .3469959   .0134361    25.83   0.000     .3206617    .3733301
      5 2002  |   .3487054   .0195305    17.85   0.000     .3104263    .3869846
      5 2004  |   .3590626   .0205761    17.45   0.000     .3187342    .3993911
      5 2006  |     .32298   .0140052    23.06   0.000     .2955304    .3504296
      5 2008  |    .319658   .0170381    18.76   0.000     .2862638    .3530521
      5 2010  |   .3031578   .0169193    17.92   0.000     .2699967    .3363189
      5 2012  |   .2989341   .0175192    17.06   0.000     .2645972    .3332711
      5 2014  |   .2874182   .0144659    19.87   0.000     .2590655    .3157709
      5 2016  |   .2875333   .0139267    20.65   0.000     .2602375    .3148291
      5 2018  |   .2713639   .0161159    16.84   0.000     .2397772    .3029505
      6 1977  |   .0122599   .0043113     2.84   0.004     .0038099    .0207099
      6 1978  |    .011666   .0045394     2.57   0.010     .0027689    .0205632
      6 1980  |   .0109708   .0040316     2.72   0.007      .003069    .0188726
      6 1982  |   .0105793    .004183     2.53   0.011     .0023809    .0187777
      6 1983  |   .0053152   .0029336     1.81   0.070    -.0004346    .0110649
      6 1984  |   .0114848   .0040037     2.87   0.004     .0036377    .0193318
      6 1985  |   .0143615   .0048066     2.99   0.003     .0049407    .0237824
      6 1986  |   .0125786   .0042859     2.93   0.003     .0041783    .0209789
      6 1987  |   .0168983   .0050271     3.36   0.001     .0070453    .0267513
      6 1988  |   .0170456   .0050326     3.39   0.001     .0071819    .0269092
      6 1989  |    .016224   .0051725     3.14   0.002      .006086    .0263619
      6 1990  |   .0151515   .0051887     2.92   0.003     .0049818    .0253213
      6 1991  |   .0231343   .0064647     3.58   0.000     .0104637    .0358049
      6 1993  |   .0146861   .0040925     3.59   0.000     .0066649    .0227074
      6 1994  |   .0166612   .0034225     4.87   0.000     .0099533    .0233692
      6 1996  |   .0075135   .0021698     3.46   0.001     .0032608    .0117662
      6 1998  |    .016462   .0033635     4.89   0.000     .0098698    .0230543
      6 2000  |   .0121644   .0032484     3.74   0.000     .0057978    .0185311
      6 2002  |   .0234628   .0063425     3.70   0.000     .0110317     .035894
      6 2004  |   .0159213   .0052977     3.01   0.003     .0055381    .0263046
      6 2006  |   .0188443   .0042063     4.48   0.000     .0106001    .0270885
      6 2008  |   .0222125    .005564     3.99   0.000     .0113073    .0331178
      6 2010  |   .0162042   .0042911     3.78   0.000     .0077939    .0246146
      6 2012  |   .0437263   .0081912     5.34   0.000     .0276718    .0597808
      6 2014  |   .0240204   .0049186     4.88   0.000     .0143802    .0336606
      6 2016  |   .0144921   .0035876     4.04   0.000     .0074604    .0215237
      6 2018  |   .0326852   .0065605     4.98   0.000     .0198269    .0455435
-------------------------------------------------------------------------------

. marginsplot, ///
>         plot1opts(mcolor(blue) lcolor(blue)) ci1opts(color(blue)) ///
>         plot2opts(mcolor(black) lcolor(black)) ci2opts(color(black)) ///
>         plot3opts(mcolor(purple) lcolor(purple)) ci3opts(color(purple)) ///
>         plot4opts(mcolor(dkgreen) lcolor(dkgreen)) ci4opts(color(dkgreen)) ///
>         plot5opts(mcolor(red) lcolor(red)) ci5opts(color(red)) ///
>         plot6opts(mcolor(orange) lcolor(orange)) ci6opts(color(orange)) ///
>         title("Class Origins", size(medlarge)) ymtick(,tlcolor(black)) ///
>         ytitle("") xtitle("")  xlabel(1977 1988(10)2018,  glwidth(medthin) ///
>                                 labsize(medlarge) nogrid labcolor(black) tlcolor(black)) ///
>         plotr(m(small)) aspectratio(0.8)  ///
>         yscale(lcolor(black)) xscale(lcolor(black))  ///
>         ylabel(0(0.1)0.5,  labsize(medlarge) labcolor(black) tlcolor(black) format(%5.1f)) ///
>         ciopt(color(%50)) recastci(rspike)   ///
>         plotopts(lwidth(medthick)) ///
>         legend(col(3)   ///
>         order(7 "Salariat (I+II)" 8 "Intermediate (IIIa+IVab+V)" ///
>                   9 "Farming (IVc+VIIb)" 10 "Working, Service (IIIb)" ///
>                   11 "Working, Manual (VI+VIIa)" 12 "Military")) 

Variables that uniquely identify margins: year

. 
.                         
. graph save graph/oegp6-dist-survey-year.gph, replace    
(file graph/oegp6-dist-survey-year.gph not found)
file graph/oegp6-dist-survey-year.gph saved

. gr export graph/oegp6-dist-survey-year.pdf, replace
file graph/oegp6-dist-survey-year.pdf saved as PDF format

. 
. grc1leg graph/egp6-dist-survey-year.gph graph/oegp6-dist-survey-year.gph, ///
> name(g1, replace)

. graph display g1, ysize(4) xsize(7)

. 
. graph save graph/egp6-oegp6-dist-survey-year.gph, replace 
(file graph/egp6-oegp6-dist-survey-year.gph not found)
file graph/egp6-oegp6-dist-survey-year.gph saved

. gr export graph/egp6-oegp6-dist-survey-year.pdf, replace
file graph/egp6-oegp6-dist-survey-year.pdf saved as PDF format

. gr export graph/egp6-oegp6-dist-survey-year.png, width(600) height(450) replace
(file graph/egp6-oegp6-dist-survey-year.png not found)
file graph/egp6-oegp6-dist-survey-year.png saved as PNG format

. 
. log close
      name:  <unnamed>
       log:  C:\wd\gss-mobility-redist\released-for-replication\log/01-gss-egp-redist-class-distribution.log
  log type:  text
 closed on:   5 Apr 2023, 14:43:35
---------------------------------------------------------------------------------------------------------------
