---------------------------------------------------------------------------------------------------------------
      name:  <unnamed>
       log:  C:\wd\gss-mobility-redist\released-for-replication\log/02-gss-egp-redist-eqwlth-model-fit-fit.log
  log type:  text
 opened on:   5 Apr 2023, 14:43:35

. 
. use data/gss-1972-and-later-filled-in-recoded-imputed-in-sample.dta, clear

. 
. ********************************************************************************
. ***  sample selection
. ********************************************************************************
. *** drop missing on all outcomes
. tab eqwlth eqwlthy, m

     should govt |
   reduce income |                   govt reduce income differences-version y
     differences | govt redu          2          3          4          5          6  no govt a |     Total
-----------------+-----------------------------------------------------------------------------+----------
govt reduce diff |         0          0          0          0          0          0          0 |     2,997 
               2 |         0          0          0          0          0          0          0 |     1,692 
               3 |         0          0          0          0          0          0          0 |     2,760 
               4 |         0          0          0          0          0          0          0 |     3,082 
               5 |         0          0          0          0          0          0          0 |     2,160 
               6 |         0          0          0          0          0          0          0 |     1,314 
  no govt action |         0          0          0          0          0          0          0 |     2,369 
              DK |         0          0          0          0          0          0          0 |        87 
             IAP |        44         19         45         53         32         34         34 |     8,556 
              NA |         0          0          0          0          0          0          0 |        14 
-----------------+-----------------------------------------------------------------------------+----------
           Total |        44         19         45         53         32         34         34 |    25,031 


                 |    govt
                 |   reduce
                 |   income
                 | difference
     should govt | s-version
   reduce income |     y
     differences |       IAP |     Total
-----------------+-----------+----------
govt reduce diff |     2,997 |     2,997 
               2 |     1,692 |     1,692 
               3 |     2,760 |     2,760 
               4 |     3,082 |     3,082 
               5 |     2,160 |     2,160 
               6 |     1,314 |     1,314 
  no govt action |     2,369 |     2,369 
              DK |        87 |        87 
             IAP |     8,295 |     8,556 
              NA |        14 |        14 
-----------------+-----------+----------
           Total |    24,770 |    25,031 

. drop if eqwlth >= . & eqwlthy >=. 
(8,396 observations deleted)

. 
. ********************************************************************************
. *** Reweight according to sample size
. ********************************************************************************
. do analysis/gss-egp-redist-rescale-weights.do

. tab year

   gss year |
   for this |
respondent  |      Freq.     Percent        Cum.
------------+-----------------------------------
       1978 |        603        3.62        3.62
       1980 |        587        3.53        7.15
       1983 |        660        3.97       11.12
       1984 |        615        3.70       14.82
       1986 |        627        3.77       18.59
       1987 |        829        4.98       23.57
       1988 |        426        2.56       26.13
       1989 |        468        2.81       28.94
       1990 |        424        2.55       31.49
       1991 |        468        2.81       34.31
       1993 |        530        3.19       37.49
       1994 |      1,067        6.41       43.91
       1996 |        999        6.01       49.91
       1998 |        991        5.96       55.87
       2000 |        970        5.83       61.70
       2002 |        487        2.93       64.63
       2004 |        462        2.78       67.41
       2006 |        976        5.87       73.27
       2008 |        674        4.05       77.32
       2010 |        636        3.82       81.15
       2012 |        652        3.92       85.07
       2014 |        846        5.09       90.15
       2016 |        901        5.42       95.57
       2018 |        737        4.43      100.00
------------+-----------------------------------
      Total |     16,635      100.00

. local N `r(N)'

. local levels `r(r)'

. bys year: egen wtcomb_sum = total(wtcomb)

. bys year: sum wtcomb wtcomb_sum 

---------------------------------------------------------------------------------------------------------------
-> year = 1978

    Variable |        Obs        Mean    Std. dev.       Min        Max
-------------+---------------------------------------------------------
      wtcomb |        603    1.005898    .3656259      .5063     2.5316
  wtcomb_sum |        603    606.5563           0   606.5563   606.5563

---------------------------------------------------------------------------------------------------------------
-> year = 1980

    Variable |        Obs        Mean    Std. dev.       Min        Max
-------------+---------------------------------------------------------
      wtcomb |        587    1.017219    .3962091      .5112     3.5787
  wtcomb_sum |        587    597.1075           0   597.1075   597.1075

---------------------------------------------------------------------------------------------------------------
-> year = 1983

    Variable |        Obs        Mean    Std. dev.       Min        Max
-------------+---------------------------------------------------------
      wtcomb |        660    1.009317    .3896268      .5058     3.5407
  wtcomb_sum |        660    666.1494           0   666.1494   666.1494

---------------------------------------------------------------------------------------------------------------
-> year = 1984

    Variable |        Obs        Mean    Std. dev.       Min        Max
-------------+---------------------------------------------------------
      wtcomb |        615    1.011238    .4246121      .5165     3.6157
  wtcomb_sum |        615    621.9116           0   621.9116   621.9116

---------------------------------------------------------------------------------------------------------------
-> year = 1986

    Variable |        Obs        Mean    Std. dev.       Min        Max
-------------+---------------------------------------------------------
      wtcomb |        627    1.021657    .4122454      .5036     3.0216
  wtcomb_sum |        627    640.5792           0   640.5792   640.5792

---------------------------------------------------------------------------------------------------------------
-> year = 1987

    Variable |        Obs        Mean    Std. dev.       Min        Max
-------------+---------------------------------------------------------
      wtcomb |        829    1.042662    .5555993   .2196104   3.134642
  wtcomb_sum |        829     864.367           0    864.367    864.367

---------------------------------------------------------------------------------------------------------------
-> year = 1988

    Variable |        Obs        Mean    Std. dev.       Min        Max
-------------+---------------------------------------------------------
      wtcomb |        426     1.01653    .3803725      .5313     2.6567
  wtcomb_sum |        426    433.0418           0   433.0418   433.0418

---------------------------------------------------------------------------------------------------------------
-> year = 1989

    Variable |        Obs        Mean    Std. dev.       Min        Max
-------------+---------------------------------------------------------
      wtcomb |        468    .9920113    .3879511      .5107     3.0644
  wtcomb_sum |        468    464.2613           0   464.2613   464.2613

---------------------------------------------------------------------------------------------------------------
-> year = 1990

    Variable |        Obs        Mean    Std. dev.       Min        Max
-------------+---------------------------------------------------------
      wtcomb |        424    1.003783    .3983985      .5313     3.1881
  wtcomb_sum |        424    425.6038           0   425.6038   425.6038

---------------------------------------------------------------------------------------------------------------
-> year = 1991

    Variable |        Obs        Mean    Std. dev.       Min        Max
-------------+---------------------------------------------------------
      wtcomb |        468    1.029217    .4120886      .5311     2.6553
  wtcomb_sum |        468    481.6737           0   481.6737   481.6737

---------------------------------------------------------------------------------------------------------------
-> year = 1993

    Variable |        Obs        Mean    Std. dev.       Min        Max
-------------+---------------------------------------------------------
      wtcomb |        530    1.005224    .3824083      .5285     3.6998
  wtcomb_sum |        530    532.7687           0   532.7687   532.7687

---------------------------------------------------------------------------------------------------------------
-> year = 1994

    Variable |        Obs        Mean    Std. dev.       Min        Max
-------------+---------------------------------------------------------
      wtcomb |      1,067    .9926945    .3843939      .5412     3.2475
  wtcomb_sum |      1,067    1059.205           0   1059.205   1059.205

---------------------------------------------------------------------------------------------------------------
-> year = 1996

    Variable |        Obs        Mean    Std. dev.       Min        Max
-------------+---------------------------------------------------------
      wtcomb |        999    .9923202    .3954695      .5432     3.2591
  wtcomb_sum |        999    991.3279           0   991.3279   991.3279

---------------------------------------------------------------------------------------------------------------
-> year = 1998

    Variable |        Obs        Mean    Std. dev.       Min        Max
-------------+---------------------------------------------------------
      wtcomb |        991    .9924422    .3724873      .5501     2.7503
  wtcomb_sum |        991    983.5103           0   983.5103   983.5103

---------------------------------------------------------------------------------------------------------------
-> year = 2000

    Variable |        Obs        Mean    Std. dev.       Min        Max
-------------+---------------------------------------------------------
      wtcomb |        970    .9976299    .3789623      .5493     2.7463
  wtcomb_sum |        970     967.701           0    967.701    967.701

---------------------------------------------------------------------------------------------------------------
-> year = 2002

    Variable |        Obs        Mean    Std. dev.       Min        Max
-------------+---------------------------------------------------------
      wtcomb |        487    .9724255    .4133711      .5578     2.7889
  wtcomb_sum |        487    473.5712           0   473.5712   473.5712

---------------------------------------------------------------------------------------------------------------
-> year = 2004

    Variable |        Obs        Mean    Std. dev.       Min        Max
-------------+---------------------------------------------------------
      wtcomb |        462    1.004264    .5362481        .35       4.53
  wtcomb_sum |        462      463.97           0     463.97     463.97

---------------------------------------------------------------------------------------------------------------
-> year = 2006

    Variable |        Obs        Mean    Std. dev.       Min        Max
-------------+---------------------------------------------------------
      wtcomb |        976    1.004068    .5987772        .36       4.57
  wtcomb_sum |        976      979.97           0     979.97     979.97

---------------------------------------------------------------------------------------------------------------
-> year = 2008

    Variable |        Obs        Mean    Std. dev.       Min        Max
-------------+---------------------------------------------------------
      wtcomb |        674    1.003778     .626698   .3194206   4.634895
  wtcomb_sum |        674    676.5463           0   676.5463   676.5463

---------------------------------------------------------------------------------------------------------------
-> year = 2010

    Variable |        Obs        Mean    Std. dev.       Min        Max
-------------+---------------------------------------------------------
      wtcomb |        636    1.017617    .5673432   .3369696    4.11222
  wtcomb_sum |        636    647.2046           0   647.2046   647.2046

---------------------------------------------------------------------------------------------------------------
-> year = 2012

    Variable |        Obs        Mean    Std. dev.       Min        Max
-------------+---------------------------------------------------------
      wtcomb |        652     1.03065    .6488314   .2930743   5.108938
  wtcomb_sum |        652    671.9838           0   671.9838   671.9838

---------------------------------------------------------------------------------------------------------------
-> year = 2014

    Variable |        Obs        Mean    Std. dev.       Min        Max
-------------+---------------------------------------------------------
      wtcomb |        846    1.009863    .5251346   .3337505   3.984912
  wtcomb_sum |        846    854.3443           0   854.3443   854.3443

---------------------------------------------------------------------------------------------------------------
-> year = 2016

    Variable |        Obs        Mean    Std. dev.       Min        Max
-------------+---------------------------------------------------------
      wtcomb |        901    1.007065     .519535    .307749    4.18527
  wtcomb_sum |        901    907.3654           0   907.3654   907.3654

---------------------------------------------------------------------------------------------------------------
-> year = 2018

    Variable |        Obs        Mean    Std. dev.       Min        Max
-------------+---------------------------------------------------------
      wtcomb |        737    1.003092    .6662541   .3066632    5.91182
  wtcomb_sum |        737    739.2787           0   739.2787   739.2787


. gen wt_scaled = (`N'/`levels')*(wtcomb / wtcomb_sum) 

. bys year: sum wt_scaled 

---------------------------------------------------------------------------------------------------------------
-> year = 1978

    Variable |        Obs        Mean    Std. dev.       Min        Max
-------------+---------------------------------------------------------
   wt_scaled |        603    1.149461    .4178086   .5785599   2.892914

---------------------------------------------------------------------------------------------------------------
-> year = 1980

    Variable |        Obs        Mean    Std. dev.       Min        Max
-------------+---------------------------------------------------------
   wt_scaled |        587    1.180792    .4599212   .5934032   4.154171

---------------------------------------------------------------------------------------------------------------
-> year = 1983

    Variable |        Obs        Mean    Std. dev.       Min        Max
-------------+---------------------------------------------------------
   wt_scaled |        660    1.050189    .4054047   .5262823    3.68408

---------------------------------------------------------------------------------------------------------------
-> year = 1984

    Variable |        Obs        Mean    Std. dev.       Min        Max
-------------+---------------------------------------------------------
   wt_scaled |        615    1.127033    .4732333    .575643   4.029724

---------------------------------------------------------------------------------------------------------------
-> year = 1986

    Variable |        Obs        Mean    Std. dev.       Min        Max
-------------+---------------------------------------------------------
   wt_scaled |        627    1.105463    .4460613   .5449096   3.269457

---------------------------------------------------------------------------------------------------------------
-> year = 1987

    Variable |        Obs        Mean    Std. dev.       Min        Max
-------------+---------------------------------------------------------
   wt_scaled |        829    .8360977    .4455281   .1761028    2.51363

---------------------------------------------------------------------------------------------------------------
-> year = 1988

    Variable |        Obs        Mean    Std. dev.       Min        Max
-------------+---------------------------------------------------------
   wt_scaled |        426    1.627054    .6088228   .8503967   4.252303

---------------------------------------------------------------------------------------------------------------
-> year = 1989

    Variable |        Obs        Mean    Std. dev.       Min        Max
-------------+---------------------------------------------------------
   wt_scaled |        468    1.481036    .5791967   .7624562   4.575036

---------------------------------------------------------------------------------------------------------------
-> year = 1990

    Variable |        Obs        Mean    Std. dev.       Min        Max
-------------+---------------------------------------------------------
   wt_scaled |        424    1.634729    .6488193   .8652585   5.192039

---------------------------------------------------------------------------------------------------------------
-> year = 1991

    Variable |        Obs        Mean    Std. dev.       Min        Max
-------------+---------------------------------------------------------
   wt_scaled |        468    1.481036    .5929925    .764249   3.820957

---------------------------------------------------------------------------------------------------------------
-> year = 1993

    Variable |        Obs        Mean    Std. dev.       Min        Max
-------------+---------------------------------------------------------
   wt_scaled |        530    1.307783    .4975081   .6875715    4.81339

---------------------------------------------------------------------------------------------------------------
-> year = 1994

    Variable |        Obs        Mean    Std. dev.       Min        Max
-------------+---------------------------------------------------------
   wt_scaled |      1,067    .6496017    .2515406   .3541517   2.125106

---------------------------------------------------------------------------------------------------------------
-> year = 1996

    Variable |        Obs        Mean    Std. dev.       Min        Max
-------------+---------------------------------------------------------
   wt_scaled |        999    .6938188    .2765077   .3797992   2.278725

---------------------------------------------------------------------------------------------------------------
-> year = 1998

    Variable |        Obs        Mean    Std. dev.       Min        Max
-------------+---------------------------------------------------------
   wt_scaled |        991    .6994198    .2625089   .3876808   1.938263

---------------------------------------------------------------------------------------------------------------
-> year = 2000

    Variable |        Obs        Mean    Std. dev.       Min        Max
-------------+---------------------------------------------------------
   wt_scaled |        970    .7145619    .2714353   .3934413   1.967063

---------------------------------------------------------------------------------------------------------------
-> year = 2002

    Variable |        Obs        Mean    Std. dev.       Min        Max
-------------+---------------------------------------------------------
   wt_scaled |        487    1.423255    .6050153   .8164034   4.081871

---------------------------------------------------------------------------------------------------------------
-> year = 2004

    Variable |        Obs        Mean    Std. dev.       Min        Max
-------------+---------------------------------------------------------
   wt_scaled |        462    1.500271    .8011013   .5228652   6.767369

---------------------------------------------------------------------------------------------------------------
-> year = 2006

    Variable |        Obs        Mean    Std. dev.       Min        Max
-------------+---------------------------------------------------------
   wt_scaled |        976     .710169    .4235103   .2546251   3.232325

---------------------------------------------------------------------------------------------------------------
-> year = 2008

    Variable |        Obs        Mean    Std. dev.       Min        Max
-------------+---------------------------------------------------------
   wt_scaled |        674    1.028375    .6420552    .327248   4.748473

---------------------------------------------------------------------------------------------------------------
-> year = 2010

    Variable |        Obs        Mean    Std. dev.       Min        Max
-------------+---------------------------------------------------------
   wt_scaled |        636    1.089819    .6075973   .3608782    4.40399

---------------------------------------------------------------------------------------------------------------
-> year = 2012

    Variable |        Obs        Mean    Std. dev.       Min        Max
-------------+---------------------------------------------------------
   wt_scaled |        652    1.063075    .6692442   .3022947   5.269669

---------------------------------------------------------------------------------------------------------------
-> year = 2014

    Variable |        Obs        Mean    Std. dev.       Min        Max
-------------+---------------------------------------------------------
   wt_scaled |        846    .8192967     .426039     .27077   3.232938

---------------------------------------------------------------------------------------------------------------
-> year = 2016

    Variable |        Obs        Mean    Std. dev.       Min        Max
-------------+---------------------------------------------------------
   wt_scaled |        901    .7692841    .3968662   .2350856   3.197075

---------------------------------------------------------------------------------------------------------------
-> year = 2018

    Variable |        Obs        Mean    Std. dev.       Min        Max
-------------+---------------------------------------------------------
   wt_scaled |        737    .9404681    .6246593    .287518    5.54274


. bys year: corr wtcomb wt_scaled

---------------------------------------------------------------------------------------------------------------
-> year = 1978
(obs=603)

             |   wtcomb wt_sca~d
-------------+------------------
      wtcomb |   1.0000
   wt_scaled |   1.0000   1.0000


---------------------------------------------------------------------------------------------------------------
-> year = 1980
(obs=587)

             |   wtcomb wt_sca~d
-------------+------------------
      wtcomb |   1.0000
   wt_scaled |   1.0000   1.0000


---------------------------------------------------------------------------------------------------------------
-> year = 1983
(obs=660)

             |   wtcomb wt_sca~d
-------------+------------------
      wtcomb |   1.0000
   wt_scaled |   1.0000   1.0000


---------------------------------------------------------------------------------------------------------------
-> year = 1984
(obs=615)

             |   wtcomb wt_sca~d
-------------+------------------
      wtcomb |   1.0000
   wt_scaled |   1.0000   1.0000


---------------------------------------------------------------------------------------------------------------
-> year = 1986
(obs=627)

             |   wtcomb wt_sca~d
-------------+------------------
      wtcomb |   1.0000
   wt_scaled |   1.0000   1.0000


---------------------------------------------------------------------------------------------------------------
-> year = 1987
(obs=829)

             |   wtcomb wt_sca~d
-------------+------------------
      wtcomb |   1.0000
   wt_scaled |   1.0000   1.0000


---------------------------------------------------------------------------------------------------------------
-> year = 1988
(obs=426)

             |   wtcomb wt_sca~d
-------------+------------------
      wtcomb |   1.0000
   wt_scaled |   1.0000   1.0000


---------------------------------------------------------------------------------------------------------------
-> year = 1989
(obs=468)

             |   wtcomb wt_sca~d
-------------+------------------
      wtcomb |   1.0000
   wt_scaled |   1.0000   1.0000


---------------------------------------------------------------------------------------------------------------
-> year = 1990
(obs=424)

             |   wtcomb wt_sca~d
-------------+------------------
      wtcomb |   1.0000
   wt_scaled |   1.0000   1.0000


---------------------------------------------------------------------------------------------------------------
-> year = 1991
(obs=468)

             |   wtcomb wt_sca~d
-------------+------------------
      wtcomb |   1.0000
   wt_scaled |   1.0000   1.0000


---------------------------------------------------------------------------------------------------------------
-> year = 1993
(obs=530)

             |   wtcomb wt_sca~d
-------------+------------------
      wtcomb |   1.0000
   wt_scaled |   1.0000   1.0000


---------------------------------------------------------------------------------------------------------------
-> year = 1994
(obs=1,067)

             |   wtcomb wt_sca~d
-------------+------------------
      wtcomb |   1.0000
   wt_scaled |   1.0000   1.0000


---------------------------------------------------------------------------------------------------------------
-> year = 1996
(obs=999)

             |   wtcomb wt_sca~d
-------------+------------------
      wtcomb |   1.0000
   wt_scaled |   1.0000   1.0000


---------------------------------------------------------------------------------------------------------------
-> year = 1998
(obs=991)

             |   wtcomb wt_sca~d
-------------+------------------
      wtcomb |   1.0000
   wt_scaled |   1.0000   1.0000


---------------------------------------------------------------------------------------------------------------
-> year = 2000
(obs=970)

             |   wtcomb wt_sca~d
-------------+------------------
      wtcomb |   1.0000
   wt_scaled |   1.0000   1.0000


---------------------------------------------------------------------------------------------------------------
-> year = 2002
(obs=487)

             |   wtcomb wt_sca~d
-------------+------------------
      wtcomb |   1.0000
   wt_scaled |   1.0000   1.0000


---------------------------------------------------------------------------------------------------------------
-> year = 2004
(obs=462)

             |   wtcomb wt_sca~d
-------------+------------------
      wtcomb |   1.0000
   wt_scaled |   1.0000   1.0000


---------------------------------------------------------------------------------------------------------------
-> year = 2006
(obs=976)

             |   wtcomb wt_sca~d
-------------+------------------
      wtcomb |   1.0000
   wt_scaled |   1.0000   1.0000


---------------------------------------------------------------------------------------------------------------
-> year = 2008
(obs=674)

             |   wtcomb wt_sca~d
-------------+------------------
      wtcomb |   1.0000
   wt_scaled |   1.0000   1.0000


---------------------------------------------------------------------------------------------------------------
-> year = 2010
(obs=636)

             |   wtcomb wt_sca~d
-------------+------------------
      wtcomb |   1.0000
   wt_scaled |   1.0000   1.0000


---------------------------------------------------------------------------------------------------------------
-> year = 2012
(obs=652)

             |   wtcomb wt_sca~d
-------------+------------------
      wtcomb |   1.0000
   wt_scaled |   1.0000   1.0000


---------------------------------------------------------------------------------------------------------------
-> year = 2014
(obs=846)

             |   wtcomb wt_sca~d
-------------+------------------
      wtcomb |   1.0000
   wt_scaled |   1.0000   1.0000


---------------------------------------------------------------------------------------------------------------
-> year = 2016
(obs=901)

             |   wtcomb wt_sca~d
-------------+------------------
      wtcomb |   1.0000
   wt_scaled |   1.0000   1.0000


---------------------------------------------------------------------------------------------------------------
-> year = 2018
(obs=737)

             |   wtcomb wt_sca~d
-------------+------------------
      wtcomb |   1.0000
   wt_scaled |   1.0000   1.0000



. 
end of do-file

. 
. ********************************************************************************
. *** Model fit comparison
. ********************************************************************************
. *** drop military
. drop if egp10_6_rf == 6 | oegp10_6_rf == 6
(389 observations deleted)

. 
. global period i.year

. global period_origin i.year i.oegp10_4_rf

. global period_peduc i.year peduc

. global period_origin_peduc i.year i.oegp10_4_rf peduc

. global period_class i.year i.egp10_3_rf

. global period_class_origin i.year i.egp10_3_rf i.oegp10_4_rf

. global period_class_peduc i.year i.egp10_3_rf peduc

. global period_class_educ_inc i.year realinc_rf educ_pl_rf i.egp10_3_rf

. global period_class_educ_inc_origin i.year realinc_rf educ_pl_rf i.egp10_3_rf i.oegp10_4_rf

. global period_class_educ_inc_peduc i.year realinc_rf educ_pl_rf i.egp10_3_rf peduc

. 
. qui reg eqwlthr  $period  [pw=wt_scaled]

. dis "R2:`e(r2)' and Adjusted-R2:`e(r2_a)'"
R2:.0073429856264458 and Adjusted-R2:.0059355690729633

. mat r_m1 = e(r2), e(r2_a)

. estat ic

Akaike's information criterion and Bayesian information criterion

-----------------------------------------------------------------------------
       Model |          N   ll(null)  ll(model)      df        AIC        BIC
-------------+---------------------------------------------------------------
           . |     16,246   -34190.2  -34130.33      24   68308.66   68493.35
-----------------------------------------------------------------------------
Note: BIC uses N = number of observations. See [R] BIC note.

. mat m1 = r(S)

. 
. qui reg eqwlthr  $period_origin  [pw=wt_scaled]

. dis "R2:`e(r2)' and Adjusted-R2:`e(r2_a)'"
R2:.0218643979856641 and Adjusted-R2:.0202963897451824

. mat r_m2 = e(r2), e(r2_a)

. estat ic

Akaike's information criterion and Bayesian information criterion

-----------------------------------------------------------------------------
       Model |          N   ll(null)  ll(model)      df        AIC        BIC
-------------+---------------------------------------------------------------
           . |     16,246   -34190.2  -34010.62      27   68075.24   68283.02
-----------------------------------------------------------------------------
Note: BIC uses N = number of observations. See [R] BIC note.

. mat m2 = r(S)

. 
. qui reg eqwlthr  $period_peduc [pw=wt_scaled]

. dis "R2:`e(r2)' and Adjusted-R2:`e(r2_a)'"
R2:.0234662372115415 and Adjusted-R2:.0220213934715179

. mat r_m3 = e(r2), e(r2_a)

. estat ic

Akaike's information criterion and Bayesian information criterion

-----------------------------------------------------------------------------
       Model |          N   ll(null)  ll(model)      df        AIC        BIC
-------------+---------------------------------------------------------------
           . |     16,246   -34190.2  -33997.31      25   68044.61      68237
-----------------------------------------------------------------------------
Note: BIC uses N = number of observations. See [R] BIC note.

. mat m3 = r(S)

. 
. qui reg eqwlthr $period_origin_peduc [pw=wt_scaled]

. dis "R2:`e(r2)' and Adjusted-R2:`e(r2_a)'"
R2:.027749218068489 and Adjusted-R2:.0261305985647183

. mat r_m4 = e(r2), e(r2_a)

. estat ic

Akaike's information criterion and Bayesian information criterion

-----------------------------------------------------------------------------
       Model |          N   ll(null)  ll(model)      df        AIC        BIC
-------------+---------------------------------------------------------------
           . |     16,246   -34190.2   -33961.6      28    67979.2   68194.68
-----------------------------------------------------------------------------
Note: BIC uses N = number of observations. See [R] BIC note.

. mat m4 = r(S)

. 
. qui reg eqwlthr $period_class  [pw=wt_scaled]

. dis "R2:`e(r2)' and Adjusted-R2:`e(r2_a)'"
R2:.0336917545439817 and Adjusted-R2:.0322023768536981

. mat r_m5 = e(r2), e(r2_a)

. estat ic

Akaike's information criterion and Bayesian information criterion

-----------------------------------------------------------------------------
       Model |          N   ll(null)  ll(model)      df        AIC        BIC
-------------+---------------------------------------------------------------
           . |     16,246   -34190.2   -33911.8      26    67875.6   68075.69
-----------------------------------------------------------------------------
Note: BIC uses N = number of observations. See [R] BIC note.

. mat m5 = r(S)

. 
. qui reg eqwlthr $period_class_origin [pw=wt_scaled]

. dis "R2:`e(r2)' and Adjusted-R2:`e(r2_a)'"
R2:.0401844156535038 and Adjusted-R2:.038527214175937

. mat r_m6 = e(r2), e(r2_a)

. estat ic

Akaike's information criterion and Bayesian information criterion

-----------------------------------------------------------------------------
       Model |          N   ll(null)  ll(model)      df        AIC        BIC
-------------+---------------------------------------------------------------
           . |     16,246   -34190.2  -33857.04      29   67772.08   67995.25
-----------------------------------------------------------------------------
Note: BIC uses N = number of observations. See [R] BIC note.

. mat m6 = r(S)

. 
. qui reg eqwlthr $period_class_peduc  [pw=wt_scaled]

. dis "R2:`e(r2)' and Adjusted-R2:`e(r2_a)'"
R2:.0404569567382411 and Adjusted-R2:.0389187534504425

. mat r_m7 = e(r2), e(r2_a)

. estat ic

Akaike's information criterion and Bayesian information criterion

-----------------------------------------------------------------------------
       Model |          N   ll(null)  ll(model)      df        AIC        BIC
-------------+---------------------------------------------------------------
           . |     16,246   -34190.2  -33854.73      27   67763.46   67971.24
-----------------------------------------------------------------------------
Note: BIC uses N = number of observations. See [R] BIC note.

. mat m7 = r(S)

. 
. qui reg eqwlthr $period_class_educ_inc  [pw=wt_scaled]

. dis "R2:`e(r2)' and Adjusted-R2:`e(r2_a)'"
R2:.0600004232657635 and Adjusted-R2:.0584354961124879

. mat r_m8 = e(r2), e(r2_a)

. estat ic

Akaike's information criterion and Bayesian information criterion

-----------------------------------------------------------------------------
       Model |          N   ll(null)  ll(model)      df        AIC        BIC
-------------+---------------------------------------------------------------
           . |     16,246   -34190.2  -33687.58      28   67431.16   67646.63
-----------------------------------------------------------------------------
Note: BIC uses N = number of observations. See [R] BIC note.

. mat m8 = r(S)

. 
. 
. qui reg eqwlthr $period_class_educ_inc_origin  [pw=wt_scaled]

. dis "R2:`e(r2)' and Adjusted-R2:`e(r2_a)'"
R2:.0625795729159709 and Adjusted-R2:.0608452150490255

. mat r_m9 = e(r2), e(r2_a)

. estat ic

Akaike's information criterion and Bayesian information criterion

-----------------------------------------------------------------------------
       Model |          N   ll(null)  ll(model)      df        AIC        BIC
-------------+---------------------------------------------------------------
           . |     16,246   -34190.2  -33665.26      31   67392.52   67631.08
-----------------------------------------------------------------------------
Note: BIC uses N = number of observations. See [R] BIC note.

. mat m9 = r(S)

. 
. qui reg eqwlthr $period_class_educ_inc_peduc  [pw=wt_scaled]

. dis "R2:`e(r2)' and Adjusted-R2:`e(r2_a)'"
R2:.0618406445353943 and Adjusted-R2:.0602208343391182

. mat r_m10 = e(r2), e(r2_a)

. estat ic

Akaike's information criterion and Bayesian information criterion

-----------------------------------------------------------------------------
       Model |          N   ll(null)  ll(model)      df        AIC        BIC
-------------+---------------------------------------------------------------
           . |     16,246   -34190.2  -33671.66      29   67401.32   67624.49
-----------------------------------------------------------------------------
Note: BIC uses N = number of observations. See [R] BIC note.

. mat m10 = r(S)

. 
. 
. ********************************************************************************
. *** Generate an Excel spreadsheet
. ********************************************************************************
. 
. putexcel set docs/model-comparison.xlsx, sheet("EQWLTH", replace) replace
Note: File will be replaced when the first putexcel command is issued.

. 
. putexcel B1 = "df" C1 = "R-squared" D1 = "R-squared-adjusted" E1="AIC" F1="BIC" ///
>                  G1 = "AIC Diff."        H1 = "BIC Diff." ///
>                  A2 = "Model a" A3 = "Model b" A4 = "Model c" A5 = "Model d" ///  
>                  A6 = "Model e" A7 = "Model f" A8 = "Model g" A9 = "Model h" ///  
>                  A10 = "Model i"                 A11 = "Model J"  
file docs/model-comparison.xlsx saved

.                  
. forval i = 1(1)10 {
  2.         
.         local j = `i' + 1
  3.         
.         mat AIC_diff = m`i'[1,5] - m1[1,5] 
  4.         mat BIC_diff =  m`i'[1,6] - m1[1,6] /// AIC, BIC deviations from baseline
> 
  5.  putexcel ///
>         B`j' = m`i'[1,4] C`j' = r_m`i'[1,1] D`j' = r_m`i'[1,2] ///
>         E`j' = m`i'[1,5]  F`j' = m`i'[1,6] ///
>         G`j' = AIC_diff[1,1]  H`j' = BIC_diff[1,1] 
  6. }
file docs/model-comparison.xlsx saved
file docs/model-comparison.xlsx saved
file docs/model-comparison.xlsx saved
file docs/model-comparison.xlsx saved
file docs/model-comparison.xlsx saved
file docs/model-comparison.xlsx saved
file docs/model-comparison.xlsx saved
file docs/model-comparison.xlsx saved
file docs/model-comparison.xlsx saved
file docs/model-comparison.xlsx saved

.         
. log close
      name:  <unnamed>
       log:  C:\wd\gss-mobility-redist\released-for-replication\log/02-gss-egp-redist-eqwlth-model-fit-fit.log
  log type:  text
 closed on:   5 Apr 2023, 14:43:39
---------------------------------------------------------------------------------------------------------------
