----------------------------------------------------------------------------------------------------------------------------------------
      name:  <unnamed>
       log:  C:\wd\gss-origin-redistribution-ssr\log/08-gss-egp-redist-descriptive-table.log
  log type:  text
 opened on:   6 Apr 2023, 13:09:01

. 
. use data/gss-1972-and-later-filled-in-recoded-imputed-in-sample.dta, clear

. 
. // need to install estout (if not already)
. /// ssc install estout, replace
> 
. ********************************************************************************
. *** Reweight according to sample size
. ********************************************************************************
. do analysis/gss-egp-redist-rescale-weights.do

. tab year

   gss year |
   for this |
respondent  |      Freq.     Percent        Cum.
------------+-----------------------------------
       1977 |        651        2.60        2.60
       1978 |        603        2.41        5.01
       1980 |        596        2.38        7.39
       1982 |        732        2.92       10.32
       1983 |        660        2.64       12.95
       1984 |        625        2.50       15.45
       1985 |        676        2.70       18.15
       1986 |        627        2.50       20.65
       1987 |        831        3.32       23.97
       1988 |        651        2.60       26.58
       1989 |        687        2.74       29.32
       1990 |        654        2.61       31.93
       1991 |        695        2.78       34.71
       1993 |        790        3.16       37.87
       1994 |      1,584        6.33       44.19
       1996 |      1,536        6.14       50.33
       1998 |      1,468        5.86       56.19
       2000 |      1,437        5.74       61.94
       2002 |        703        2.81       64.74
       2004 |        705        2.82       67.56
       2006 |      1,480        5.91       73.47
       2008 |      1,001        4.00       77.47
       2010 |        974        3.89       81.36
       2012 |        956        3.82       85.18
       2014 |      1,259        5.03       90.21
       2016 |      1,346        5.38       95.59
       2018 |      1,104        4.41      100.00
------------+-----------------------------------
      Total |     25,031      100.00

. local N `r(N)'

. local levels `r(r)'

. bys year: egen wtcomb_sum = total(wtcomb)

. bys year: sum wtcomb wtcomb_sum 

----------------------------------------------------------------------------------------------------------------------------------------
-> year = 1977

    Variable |        Obs        Mean    Std. dev.       Min        Max
-------------+---------------------------------------------------------
      wtcomb |        651    .9904522    .3482687      .4941     2.4704
  wtcomb_sum |        651    644.7844           0   644.7844   644.7844

----------------------------------------------------------------------------------------------------------------------------------------
-> year = 1978

    Variable |        Obs        Mean    Std. dev.       Min        Max
-------------+---------------------------------------------------------
      wtcomb |        603    1.005898    .3656259      .5063     2.5316
  wtcomb_sum |        603    606.5563           0   606.5563   606.5563

----------------------------------------------------------------------------------------------------------------------------------------
-> year = 1980

    Variable |        Obs        Mean    Std. dev.       Min        Max
-------------+---------------------------------------------------------
      wtcomb |        596    1.016441    .3937477      .5112     3.5787
  wtcomb_sum |        596    605.7987           0   605.7987   605.7987

----------------------------------------------------------------------------------------------------------------------------------------
-> year = 1982

    Variable |        Obs        Mean    Std. dev.       Min        Max
-------------+---------------------------------------------------------
      wtcomb |        732    1.004833    .5514753   .1913179   3.823189
  wtcomb_sum |        732    735.5379           0   735.5379   735.5379

----------------------------------------------------------------------------------------------------------------------------------------
-> year = 1983

    Variable |        Obs        Mean    Std. dev.       Min        Max
-------------+---------------------------------------------------------
      wtcomb |        660    1.009317    .3896268      .5058     3.5407
  wtcomb_sum |        660    666.1494           0   666.1494   666.1494

----------------------------------------------------------------------------------------------------------------------------------------
-> year = 1984

    Variable |        Obs        Mean    Std. dev.       Min        Max
-------------+---------------------------------------------------------
      wtcomb |        625    1.007455    .4235054      .5165     3.6157
  wtcomb_sum |        625    629.6596           0   629.6596   629.6596

----------------------------------------------------------------------------------------------------------------------------------------
-> year = 1985

    Variable |        Obs        Mean    Std. dev.       Min        Max
-------------+---------------------------------------------------------
      wtcomb |        676    1.014049    .3927167      .5181     3.1088
  wtcomb_sum |        676    685.4971           0   685.4971   685.4971

----------------------------------------------------------------------------------------------------------------------------------------
-> year = 1986

    Variable |        Obs        Mean    Std. dev.       Min        Max
-------------+---------------------------------------------------------
      wtcomb |        627    1.021657    .4122454      .5036     3.0216
  wtcomb_sum |        627    640.5792           0   640.5792   640.5792

----------------------------------------------------------------------------------------------------------------------------------------
-> year = 1987

    Variable |        Obs        Mean    Std. dev.       Min        Max
-------------+---------------------------------------------------------
      wtcomb |        831    1.043171    .5550262   .2196104   3.134642
  wtcomb_sum |        831    866.8748           0   866.8748   866.8748

----------------------------------------------------------------------------------------------------------------------------------------
-> year = 1988

    Variable |        Obs        Mean    Std. dev.       Min        Max
-------------+---------------------------------------------------------
      wtcomb |        651    1.005546    .3695941      .5313     2.6567
  wtcomb_sum |        651    654.6107           0   654.6107   654.6107

----------------------------------------------------------------------------------------------------------------------------------------
-> year = 1989

    Variable |        Obs        Mean    Std. dev.       Min        Max
-------------+---------------------------------------------------------
      wtcomb |        687    1.008095    .4022566      .5107     3.5751
  wtcomb_sum |        687     692.561           0    692.561    692.561

----------------------------------------------------------------------------------------------------------------------------------------
-> year = 1990

    Variable |        Obs        Mean    Std. dev.       Min        Max
-------------+---------------------------------------------------------
      wtcomb |        654     1.01881    .4008088      .5313     3.1881
  wtcomb_sum |        654    666.3017           0   666.3017   666.3017

----------------------------------------------------------------------------------------------------------------------------------------
-> year = 1991

    Variable |        Obs        Mean    Std. dev.       Min        Max
-------------+---------------------------------------------------------
      wtcomb |        695    1.023919    .4083789      .5311     2.6553
  wtcomb_sum |        695    711.6236           0   711.6236   711.6236

----------------------------------------------------------------------------------------------------------------------------------------
-> year = 1993

    Variable |        Obs        Mean    Std. dev.       Min        Max
-------------+---------------------------------------------------------
      wtcomb |        790    1.002219    .3761051      .5285     3.6998
  wtcomb_sum |        790    791.7531           0   791.7531   791.7531

----------------------------------------------------------------------------------------------------------------------------------------
-> year = 1994

    Variable |        Obs        Mean    Std. dev.       Min        Max
-------------+---------------------------------------------------------
      wtcomb |      1,584    1.004915    .3877678      .5412     3.2475
  wtcomb_sum |      1,584    1591.785           0   1591.785   1591.785

----------------------------------------------------------------------------------------------------------------------------------------
-> year = 1996

    Variable |        Obs        Mean    Std. dev.       Min        Max
-------------+---------------------------------------------------------
      wtcomb |      1,536    .9884284    .3914005      .5432     3.2591
  wtcomb_sum |      1,536    1518.226           0   1518.226   1518.226

----------------------------------------------------------------------------------------------------------------------------------------
-> year = 1998

    Variable |        Obs        Mean    Std. dev.       Min        Max
-------------+---------------------------------------------------------
      wtcomb |      1,468    1.001508    .3879657      .5501     3.8504
  wtcomb_sum |      1,468    1470.214           0   1470.214   1470.214

----------------------------------------------------------------------------------------------------------------------------------------
-> year = 2000

    Variable |        Obs        Mean    Std. dev.       Min        Max
-------------+---------------------------------------------------------
      wtcomb |      1,437    1.005506    .3888754      .5493     2.7463
  wtcomb_sum |      1,437    1444.912           0   1444.912   1444.912

----------------------------------------------------------------------------------------------------------------------------------------
-> year = 2002

    Variable |        Obs        Mean    Std. dev.       Min        Max
-------------+---------------------------------------------------------
      wtcomb |        703    .9807101    .4140912      .5578     2.7889
  wtcomb_sum |        703    689.4392           0   689.4392   689.4392

----------------------------------------------------------------------------------------------------------------------------------------
-> year = 2004

    Variable |        Obs        Mean    Std. dev.       Min        Max
-------------+---------------------------------------------------------
      wtcomb |        705     .996922    .5310632        .35       4.53
  wtcomb_sum |        705      702.83           0     702.83     702.83

----------------------------------------------------------------------------------------------------------------------------------------
-> year = 2006

    Variable |        Obs        Mean    Std. dev.       Min        Max
-------------+---------------------------------------------------------
      wtcomb |      1,480    .9928446    .5983554        .36       6.12
  wtcomb_sum |      1,480     1469.41           0    1469.41    1469.41

----------------------------------------------------------------------------------------------------------------------------------------
-> year = 2008

    Variable |        Obs        Mean    Std. dev.       Min        Max
-------------+---------------------------------------------------------
      wtcomb |      1,001    1.024719    .6454406   .3194206   5.691713
  wtcomb_sum |      1,001    1025.744           0   1025.744   1025.744

----------------------------------------------------------------------------------------------------------------------------------------
-> year = 2010

    Variable |        Obs        Mean    Std. dev.       Min        Max
-------------+---------------------------------------------------------
      wtcomb |        974    1.026911    .5730277   .3369696   4.733329
  wtcomb_sum |        974    1000.211           0   1000.211   1000.211

----------------------------------------------------------------------------------------------------------------------------------------
-> year = 2012

    Variable |        Obs        Mean    Std. dev.       Min        Max
-------------+---------------------------------------------------------
      wtcomb |        956    1.031134    .7038872   .2930743   11.06848
  wtcomb_sum |        956     985.764           0    985.764    985.764

----------------------------------------------------------------------------------------------------------------------------------------
-> year = 2014

    Variable |        Obs        Mean    Std. dev.       Min        Max
-------------+---------------------------------------------------------
      wtcomb |      1,259    1.008645    .5339899   .3337505   5.997651
  wtcomb_sum |      1,259    1269.884           0   1269.884   1269.884

----------------------------------------------------------------------------------------------------------------------------------------
-> year = 2016

    Variable |        Obs        Mean    Std. dev.       Min        Max
-------------+---------------------------------------------------------
      wtcomb |      1,346    1.021959     .526658    .307749    4.18527
  wtcomb_sum |      1,346    1375.557           0   1375.557   1375.557

----------------------------------------------------------------------------------------------------------------------------------------
-> year = 2018

    Variable |        Obs        Mean    Std. dev.       Min        Max
-------------+---------------------------------------------------------
      wtcomb |      1,104    1.015234    .6666865   .3066632    5.91182
  wtcomb_sum |      1,104    1120.819           0   1120.819   1120.819


. gen wt_scaled = (`N'/`levels')*(wtcomb / wtcomb_sum) 

. bys year: sum wt_scaled 

----------------------------------------------------------------------------------------------------------------------------------------
-> year = 1977

    Variable |        Obs        Mean    Std. dev.       Min        Max
-------------+---------------------------------------------------------
   wt_scaled |        651    1.424077    .5007425   .7104193   3.551953

----------------------------------------------------------------------------------------------------------------------------------------
-> year = 1978

    Variable |        Obs        Mean    Std. dev.       Min        Max
-------------+---------------------------------------------------------
   wt_scaled |        603    1.537436    .5588307   .7738401   3.869354

----------------------------------------------------------------------------------------------------------------------------------------
-> year = 1980

    Variable |        Obs        Mean    Std. dev.       Min        Max
-------------+---------------------------------------------------------
   wt_scaled |        596    1.555493    .6025653   .7823065   5.476605

----------------------------------------------------------------------------------------------------------------------------------------
-> year = 1982

    Variable |        Obs        Mean    Std. dev.       Min        Max
-------------+---------------------------------------------------------
   wt_scaled |        732    1.266495     .695081   .2411377   4.818759

----------------------------------------------------------------------------------------------------------------------------------------
-> year = 1983

    Variable |        Obs        Mean    Std. dev.       Min        Max
-------------+---------------------------------------------------------
   wt_scaled |        660    1.404658    .5422401   .7039173    4.92756

----------------------------------------------------------------------------------------------------------------------------------------
-> year = 1984

    Variable |        Obs        Mean    Std. dev.       Min        Max
-------------+---------------------------------------------------------
   wt_scaled |        625    1.483319    .6235447   .7604645   5.323546

----------------------------------------------------------------------------------------------------------------------------------------
-> year = 1985

    Variable |        Obs        Mean    Std. dev.       Min        Max
-------------+---------------------------------------------------------
   wt_scaled |        676    1.371411    .5311145   .7006844   4.204377

----------------------------------------------------------------------------------------------------------------------------------------
-> year = 1986

    Variable |        Obs        Mean    Std. dev.       Min        Max
-------------+---------------------------------------------------------
   wt_scaled |        627    1.478587    .5966195   .7288318   4.372991

----------------------------------------------------------------------------------------------------------------------------------------
-> year = 1987

    Variable |        Obs        Mean    Std. dev.       Min        Max
-------------+---------------------------------------------------------
   wt_scaled |        831    1.115613    .5935694   .2348611   3.352324

----------------------------------------------------------------------------------------------------------------------------------------
-> year = 1988

    Variable |        Obs        Mean    Std. dev.       Min        Max
-------------+---------------------------------------------------------
   wt_scaled |        651    1.424077    .5234272   .7524387   3.762477

----------------------------------------------------------------------------------------------------------------------------------------
-> year = 1989

    Variable |        Obs        Mean    Std. dev.       Min        Max
-------------+---------------------------------------------------------
   wt_scaled |        687    1.349453    .5384676   .6836318    4.78569

----------------------------------------------------------------------------------------------------------------------------------------
-> year = 1990

    Variable |        Obs        Mean    Std. dev.       Min        Max
-------------+---------------------------------------------------------
   wt_scaled |        654    1.417545    .5576745   .7392364   4.435836

----------------------------------------------------------------------------------------------------------------------------------------
-> year = 1991

    Variable |        Obs        Mean    Std. dev.       Min        Max
-------------+---------------------------------------------------------
   wt_scaled |        695     1.33392    .5320192   .6918953   3.459216

----------------------------------------------------------------------------------------------------------------------------------------
-> year = 1993

    Variable |        Obs        Mean    Std. dev.       Min        Max
-------------+---------------------------------------------------------
   wt_scaled |        790    1.173511    .4403863   .6188276   4.332144

----------------------------------------------------------------------------------------------------------------------------------------
-> year = 1994

    Variable |        Obs        Mean    Std. dev.       Min        Max
-------------+---------------------------------------------------------
   wt_scaled |      1,584     .585274    .2258405   .3152012   1.891382

----------------------------------------------------------------------------------------------------------------------------------------
-> year = 1996

    Variable |        Obs        Mean    Std. dev.       Min        Max
-------------+---------------------------------------------------------
   wt_scaled |      1,536    .6035639    .2390008   .3316941   1.990103

----------------------------------------------------------------------------------------------------------------------------------------
-> year = 1998

    Variable |        Obs        Mean    Std. dev.       Min        Max
-------------+---------------------------------------------------------
   wt_scaled |      1,468    .6315219    .2446399    .346877    2.42795

----------------------------------------------------------------------------------------------------------------------------------------
-> year = 2000

    Variable |        Obs        Mean    Std. dev.       Min        Max
-------------+---------------------------------------------------------
   wt_scaled |      1,437    .6451455    .2495075    .352438   1.762062

----------------------------------------------------------------------------------------------------------------------------------------
-> year = 2002

    Variable |        Obs        Mean    Std. dev.       Min        Max
-------------+---------------------------------------------------------
   wt_scaled |        703     1.31874    .5568195   .7500616   3.750174

----------------------------------------------------------------------------------------------------------------------------------------
-> year = 2004

    Variable |        Obs        Mean    Std. dev.       Min        Max
-------------+---------------------------------------------------------
   wt_scaled |        705    1.314999    .7005036   .4616705   5.975337

----------------------------------------------------------------------------------------------------------------------------------------
-> year = 2006

    Variable |        Obs        Mean    Std. dev.       Min        Max
-------------+---------------------------------------------------------
   wt_scaled |      1,480    .6264014    .3775119   .2271297   3.861205

----------------------------------------------------------------------------------------------------------------------------------------
-> year = 2008

    Variable |        Obs        Mean    Std. dev.       Min        Max
-------------+---------------------------------------------------------
   wt_scaled |      1,001     .926148    .5833536   .2886945   5.144209

----------------------------------------------------------------------------------------------------------------------------------------
-> year = 2010

    Variable |        Obs        Mean    Std. dev.       Min        Max
-------------+---------------------------------------------------------
   wt_scaled |        974    .9518214    .5311268   .3123297   4.387218

----------------------------------------------------------------------------------------------------------------------------------------
-> year = 2012

    Variable |        Obs        Mean    Std. dev.       Min        Max
-------------+---------------------------------------------------------
   wt_scaled |        956    .9697428    .6619795   .2756254   10.40949

----------------------------------------------------------------------------------------------------------------------------------------
-> year = 2014

    Variable |        Obs        Mean    Std. dev.       Min        Max
-------------+---------------------------------------------------------
   wt_scaled |      1,259    .7363575    .3898374   .2436533   4.378563

----------------------------------------------------------------------------------------------------------------------------------------
-> year = 2016

    Variable |        Obs        Mean    Std. dev.       Min        Max
-------------+---------------------------------------------------------
   wt_scaled |      1,346    .6887623    .3549478   .2074113   2.820715

----------------------------------------------------------------------------------------------------------------------------------------
-> year = 2018

    Variable |        Obs        Mean    Std. dev.       Min        Max
-------------+---------------------------------------------------------
   wt_scaled |      1,104     .839741    .5514431   .2536534   4.889903


. bys year: corr wtcomb wt_scaled

----------------------------------------------------------------------------------------------------------------------------------------
-> year = 1977
(obs=651)

             |   wtcomb wt_sca~d
-------------+------------------
      wtcomb |   1.0000
   wt_scaled |   1.0000   1.0000


----------------------------------------------------------------------------------------------------------------------------------------
-> year = 1978
(obs=603)

             |   wtcomb wt_sca~d
-------------+------------------
      wtcomb |   1.0000
   wt_scaled |   1.0000   1.0000


----------------------------------------------------------------------------------------------------------------------------------------
-> year = 1980
(obs=596)

             |   wtcomb wt_sca~d
-------------+------------------
      wtcomb |   1.0000
   wt_scaled |   1.0000   1.0000


----------------------------------------------------------------------------------------------------------------------------------------
-> year = 1982
(obs=732)

             |   wtcomb wt_sca~d
-------------+------------------
      wtcomb |   1.0000
   wt_scaled |   1.0000   1.0000


----------------------------------------------------------------------------------------------------------------------------------------
-> year = 1983
(obs=660)

             |   wtcomb wt_sca~d
-------------+------------------
      wtcomb |   1.0000
   wt_scaled |   1.0000   1.0000


----------------------------------------------------------------------------------------------------------------------------------------
-> year = 1984
(obs=625)

             |   wtcomb wt_sca~d
-------------+------------------
      wtcomb |   1.0000
   wt_scaled |   1.0000   1.0000


----------------------------------------------------------------------------------------------------------------------------------------
-> year = 1985
(obs=676)

             |   wtcomb wt_sca~d
-------------+------------------
      wtcomb |   1.0000
   wt_scaled |   1.0000   1.0000


----------------------------------------------------------------------------------------------------------------------------------------
-> year = 1986
(obs=627)

             |   wtcomb wt_sca~d
-------------+------------------
      wtcomb |   1.0000
   wt_scaled |   1.0000   1.0000


----------------------------------------------------------------------------------------------------------------------------------------
-> year = 1987
(obs=831)

             |   wtcomb wt_sca~d
-------------+------------------
      wtcomb |   1.0000
   wt_scaled |   1.0000   1.0000


----------------------------------------------------------------------------------------------------------------------------------------
-> year = 1988
(obs=651)

             |   wtcomb wt_sca~d
-------------+------------------
      wtcomb |   1.0000
   wt_scaled |   1.0000   1.0000


----------------------------------------------------------------------------------------------------------------------------------------
-> year = 1989
(obs=687)

             |   wtcomb wt_sca~d
-------------+------------------
      wtcomb |   1.0000
   wt_scaled |   1.0000   1.0000


----------------------------------------------------------------------------------------------------------------------------------------
-> year = 1990
(obs=654)

             |   wtcomb wt_sca~d
-------------+------------------
      wtcomb |   1.0000
   wt_scaled |   1.0000   1.0000


----------------------------------------------------------------------------------------------------------------------------------------
-> year = 1991
(obs=695)

             |   wtcomb wt_sca~d
-------------+------------------
      wtcomb |   1.0000
   wt_scaled |   1.0000   1.0000


----------------------------------------------------------------------------------------------------------------------------------------
-> year = 1993
(obs=790)

             |   wtcomb wt_sca~d
-------------+------------------
      wtcomb |   1.0000
   wt_scaled |   1.0000   1.0000


----------------------------------------------------------------------------------------------------------------------------------------
-> year = 1994
(obs=1,584)

             |   wtcomb wt_sca~d
-------------+------------------
      wtcomb |   1.0000
   wt_scaled |   1.0000   1.0000


----------------------------------------------------------------------------------------------------------------------------------------
-> year = 1996
(obs=1,536)

             |   wtcomb wt_sca~d
-------------+------------------
      wtcomb |   1.0000
   wt_scaled |   1.0000   1.0000


----------------------------------------------------------------------------------------------------------------------------------------
-> year = 1998
(obs=1,468)

             |   wtcomb wt_sca~d
-------------+------------------
      wtcomb |   1.0000
   wt_scaled |   1.0000   1.0000


----------------------------------------------------------------------------------------------------------------------------------------
-> year = 2000
(obs=1,437)

             |   wtcomb wt_sca~d
-------------+------------------
      wtcomb |   1.0000
   wt_scaled |   1.0000   1.0000


----------------------------------------------------------------------------------------------------------------------------------------
-> year = 2002
(obs=703)

             |   wtcomb wt_sca~d
-------------+------------------
      wtcomb |   1.0000
   wt_scaled |   1.0000   1.0000


----------------------------------------------------------------------------------------------------------------------------------------
-> year = 2004
(obs=705)

             |   wtcomb wt_sca~d
-------------+------------------
      wtcomb |   1.0000
   wt_scaled |   1.0000   1.0000


----------------------------------------------------------------------------------------------------------------------------------------
-> year = 2006
(obs=1,480)

             |   wtcomb wt_sca~d
-------------+------------------
      wtcomb |   1.0000
   wt_scaled |   1.0000   1.0000


----------------------------------------------------------------------------------------------------------------------------------------
-> year = 2008
(obs=1,001)

             |   wtcomb wt_sca~d
-------------+------------------
      wtcomb |   1.0000
   wt_scaled |   1.0000   1.0000


----------------------------------------------------------------------------------------------------------------------------------------
-> year = 2010
(obs=974)

             |   wtcomb wt_sca~d
-------------+------------------
      wtcomb |   1.0000
   wt_scaled |   1.0000   1.0000


----------------------------------------------------------------------------------------------------------------------------------------
-> year = 2012
(obs=956)

             |   wtcomb wt_sca~d
-------------+------------------
      wtcomb |   1.0000
   wt_scaled |   1.0000   1.0000


----------------------------------------------------------------------------------------------------------------------------------------
-> year = 2014
(obs=1,259)

             |   wtcomb wt_sca~d
-------------+------------------
      wtcomb |   1.0000
   wt_scaled |   1.0000   1.0000


----------------------------------------------------------------------------------------------------------------------------------------
-> year = 2016
(obs=1,346)

             |   wtcomb wt_sca~d
-------------+------------------
      wtcomb |   1.0000
   wt_scaled |   1.0000   1.0000


----------------------------------------------------------------------------------------------------------------------------------------
-> year = 2018
(obs=1,104)

             |   wtcomb wt_sca~d
-------------+------------------
      wtcomb |   1.0000
   wt_scaled |   1.0000   1.0000



. 
end of do-file

. 
. ********************************************************************************
. *** Descriptives
. ********************************************************************************
. global varlist /// 
>                 age_pl_rf i.sex_rf i.race_rf i.parbornr_rf i.reg16_rf i.res16_rf ///
>                 i.relig16_r educ_pl_rf maeduc_rf paeduc_rf realinc_rf ///
>                 i.egp10_6_rf i.class_rf

. 
. *** inpendent variables
. mean $varlist [pw=wt_scaled], cformat(%9.2f)

Mean estimation                              Number of obs = 25,031

-------------------------------------------------------------------
                  |       Mean   Std. err.     [95% conf. interval]
------------------+------------------------------------------------
        age_pl_rf |      44.34       0.07         44.21       44.47
                  |
           sex_rf |
            male  |       0.53       0.00          0.52        0.53
          female  |       0.47       0.00          0.47        0.48
                  |
          race_rf |
           white  |       0.82       0.00          0.82        0.83
           black  |       0.12       0.00          0.11        0.12
           other  |       0.06       0.00          0.06        0.06
                  |
      parbornr_rf |
    Both US born  |       0.82       0.00          0.81        0.82
     One US born  |       0.06       0.00          0.05        0.06
         Neither  |       0.13       0.00          0.12        0.13
                  |
         reg16_rf |
         foreign  |       0.08       0.00          0.07        0.08
     new england  |       0.05       0.00          0.05        0.06
 middle atlantic  |       0.16       0.00          0.15        0.16
 e. nor. central  |       0.19       0.00          0.18        0.20
 w. nor. central  |       0.08       0.00          0.07        0.08
  south atlantic  |       0.15       0.00          0.15        0.16
 e. sou. central  |       0.07       0.00          0.06        0.07
 w. sou. central  |       0.08       0.00          0.08        0.09
        mountain  |       0.04       0.00          0.04        0.05
         pacific  |       0.10       0.00          0.10        0.11
                  |
         res16_rf |
 country nonfarm  |       0.12       0.00          0.11        0.12
            farm  |       0.13       0.00          0.12        0.13
   town lt 50000  |       0.32       0.00          0.31        0.32
 50000 to 250000  |       0.16       0.00          0.16        0.17
 big-city suburb  |       0.12       0.00          0.12        0.13
  city gt 250000  |       0.16       0.00          0.15        0.16
                  |
       relig16_rf |
      Protestant  |       0.59       0.00          0.58        0.60
        Catholic  |       0.31       0.00          0.31        0.32
          Jewish  |       0.02       0.00          0.02        0.02
            None  |       0.05       0.00          0.05        0.05
           Other  |       0.03       0.00          0.02        0.03
                  |
       educ_pl_rf |      13.50       0.02         13.45       13.54
        maeduc_rf |      10.90       0.03         10.85       10.95
        paeduc_rf |      10.62       0.03         10.57       10.68
       realinc_rf |      41.90       0.24         41.43       42.37
                  |
       egp10_6_rf |
        Salariat  |       0.25       0.00          0.25        0.26
    Intermediate  |       0.37       0.00          0.36        0.37
         Farming  |       0.01       0.00          0.01        0.02
   Working(IIIb)  |       0.12       0.00          0.11        0.12
Working(VI+VIIa)  |       0.24       0.00          0.24        0.25
        Military  |       0.00       0.00          0.00        0.01
                  |
         class_rf |
     lower class  |       0.03       0.00          0.03        0.04
   working class  |       0.49       0.00          0.48        0.50
    middle class  |       0.45       0.00          0.44        0.45
     upper class  |       0.03       0.00          0.03        0.03
-------------------------------------------------------------------

. estimates store S1

. mean $varlist [pw=wt_scaled] if oegp10_6_rf == 1,  cformat(%9.2f)

Mean estimation                               Number of obs = 5,185

-------------------------------------------------------------------
                  |       Mean   Std. err.     [95% conf. interval]
------------------+------------------------------------------------
        age_pl_rf |      43.28       0.15         42.99       43.57
                  |
           sex_rf |
            male  |       0.53       0.01          0.52        0.55
          female  |       0.47       0.01          0.45        0.48
                  |
          race_rf |
           white  |       0.86       0.01          0.85        0.88
           black  |       0.07       0.00          0.06        0.08
           other  |       0.06       0.00          0.06        0.07
                  |
      parbornr_rf |
    Both US born  |       0.81       0.01          0.80        0.82
     One US born  |       0.06       0.00          0.05        0.06
         Neither  |       0.14       0.01          0.12        0.15
                  |
         reg16_rf |
         foreign  |       0.10       0.01          0.09        0.11
     new england  |       0.06       0.00          0.06        0.07
 middle atlantic  |       0.17       0.01          0.16        0.18
 e. nor. central  |       0.17       0.01          0.16        0.18
 w. nor. central  |       0.07       0.00          0.06        0.08
  south atlantic  |       0.13       0.01          0.12        0.14
 e. sou. central  |       0.04       0.00          0.04        0.05
 w. sou. central  |       0.07       0.00          0.06        0.07
        mountain  |       0.05       0.00          0.04        0.05
         pacific  |       0.13       0.01          0.12        0.14
                  |
         res16_rf |
 country nonfarm  |       0.08       0.00          0.07        0.09
            farm  |       0.03       0.00          0.03        0.04
   town lt 50000  |       0.30       0.01          0.29        0.31
 50000 to 250000  |       0.19       0.01          0.18        0.21
 big-city suburb  |       0.22       0.01          0.21        0.24
  city gt 250000  |       0.17       0.01          0.16        0.18
                  |
       relig16_rf |
      Protestant  |       0.54       0.01          0.52        0.56
        Catholic  |       0.30       0.01          0.29        0.32
          Jewish  |       0.05       0.00          0.04        0.05
            None  |       0.06       0.00          0.06        0.07
           Other  |       0.05       0.00          0.04        0.05
                  |
       educ_pl_rf |      15.50       0.04         15.42       15.58
        maeduc_rf |      13.68       0.05         13.59       13.77
        paeduc_rf |      14.64       0.05         14.54       14.75
       realinc_rf |      54.15       0.65         52.87       55.43
                  |
       egp10_6_rf |
        Salariat  |       0.45       0.01          0.43        0.46
    Intermediate  |       0.34       0.01          0.33        0.36
         Farming  |       0.00       0.00          0.00        0.01
   Working(IIIb)  |       0.10       0.00          0.09        0.11
Working(VI+VIIa)  |       0.11       0.01          0.10        0.12
        Military  |       0.01       0.00          0.00        0.01
                  |
         class_rf |
     lower class  |       0.02       0.00          0.02        0.02
   working class  |       0.30       0.01          0.29        0.32
    middle class  |       0.61       0.01          0.60        0.63
     upper class  |       0.06       0.00          0.05        0.07
-------------------------------------------------------------------

. estimates store S2

. mean $varlist [pw=wt_scaled] if oegp10_6_rf == 2,  cformat(%9.2f)

Mean estimation                               Number of obs = 6,703

-------------------------------------------------------------------
                  |       Mean   Std. err.     [95% conf. interval]
------------------+------------------------------------------------
        age_pl_rf |      44.04       0.13         43.78       44.30
                  |
           sex_rf |
            male  |       0.52       0.01          0.51        0.54
          female  |       0.48       0.01          0.46        0.49
                  |
          race_rf |
           white  |       0.86       0.00          0.85        0.87
           black  |       0.08       0.00          0.07        0.09
           other  |       0.06       0.00          0.05        0.07
                  |
      parbornr_rf |
    Both US born  |       0.81       0.01          0.79        0.82
     One US born  |       0.06       0.00          0.06        0.07
         Neither  |       0.13       0.00          0.12        0.14
                  |
         reg16_rf |
         foreign  |       0.09       0.00          0.08        0.10
     new england  |       0.06       0.00          0.05        0.06
 middle atlantic  |       0.17       0.01          0.16        0.18
 e. nor. central  |       0.18       0.01          0.17        0.19
 w. nor. central  |       0.07       0.00          0.06        0.08
  south atlantic  |       0.15       0.01          0.14        0.16
 e. sou. central  |       0.05       0.00          0.05        0.06
 w. sou. central  |       0.08       0.00          0.07        0.09
        mountain  |       0.05       0.00          0.05        0.06
         pacific  |       0.11       0.00          0.10        0.12
                  |
         res16_rf |
 country nonfarm  |       0.11       0.00          0.10        0.12
            farm  |       0.06       0.00          0.05        0.06
   town lt 50000  |       0.34       0.01          0.33        0.36
 50000 to 250000  |       0.18       0.01          0.17        0.19
 big-city suburb  |       0.14       0.00          0.13        0.15
  city gt 250000  |       0.18       0.01          0.17        0.19
                  |
       relig16_rf |
      Protestant  |       0.55       0.01          0.54        0.56
        Catholic  |       0.34       0.01          0.33        0.36
          Jewish  |       0.03       0.00          0.03        0.04
            None  |       0.05       0.00          0.04        0.05
           Other  |       0.03       0.00          0.02        0.03
                  |
       educ_pl_rf |      13.97       0.04         13.89       14.04
        maeduc_rf |      11.31       0.04         11.23       11.39
        paeduc_rf |      11.00       0.05         10.91       11.08
       realinc_rf |      45.08       0.46         44.18       45.99
                  |
       egp10_6_rf |
        Salariat  |       0.28       0.01          0.27        0.30
    Intermediate  |       0.42       0.01          0.41        0.44
         Farming  |       0.01       0.00          0.00        0.01
   Working(IIIb)  |       0.11       0.00          0.10        0.12
Working(VI+VIIa)  |       0.17       0.01          0.16        0.18
        Military  |       0.01       0.00          0.00        0.01
                  |
         class_rf |
     lower class  |       0.02       0.00          0.02        0.03
   working class  |       0.44       0.01          0.43        0.46
    middle class  |       0.50       0.01          0.48        0.51
     upper class  |       0.04       0.00          0.03        0.04
-------------------------------------------------------------------

. estimates store S3

. mean $varlist [pw=wt_scaled] if oegp10_6_rf == 3,  cformat(%9.2f)

Mean estimation                               Number of obs = 2,476

-------------------------------------------------------------------
                  |       Mean   Std. err.     [95% conf. interval]
------------------+------------------------------------------------
        age_pl_rf |      47.21       0.20         46.81       47.61
                  |
           sex_rf |
            male  |       0.56       0.01          0.54        0.59
          female  |       0.44       0.01          0.41        0.46
                  |
          race_rf |
           white  |       0.77       0.01          0.75        0.79
           black  |       0.13       0.01          0.12        0.15
           other  |       0.10       0.01          0.08        0.11
                  |
      parbornr_rf |
    Both US born  |       0.79       0.01          0.77        0.81
     One US born  |       0.05       0.00          0.04        0.06
         Neither  |       0.16       0.01          0.15        0.18
                  |
         reg16_rf |
         foreign  |       0.13       0.01          0.12        0.15
     new england  |       0.01       0.00          0.01        0.02
 middle atlantic  |       0.04       0.00          0.03        0.05
 e. nor. central  |       0.13       0.01          0.12        0.15
 w. nor. central  |       0.15       0.01          0.14        0.17
  south atlantic  |       0.17       0.01          0.15        0.19
 e. sou. central  |       0.13       0.01          0.12        0.15
 w. sou. central  |       0.13       0.01          0.11        0.14
        mountain  |       0.05       0.01          0.04        0.06
         pacific  |       0.05       0.00          0.04        0.06
                  |
         res16_rf |
 country nonfarm  |       0.10       0.01          0.09        0.11
            farm  |       0.70       0.01          0.68        0.72
   town lt 50000  |       0.15       0.01          0.13        0.16
 50000 to 250000  |       0.02       0.00          0.02        0.03
 big-city suburb  |       0.01       0.00          0.01        0.01
  city gt 250000  |       0.02       0.00          0.01        0.02
                  |
       relig16_rf |
      Protestant  |       0.69       0.01          0.67        0.71
        Catholic  |       0.25       0.01          0.23        0.27
          Jewish  |       0.00       0.00         -0.00        0.00
            None  |       0.04       0.00          0.03        0.05
           Other  |       0.02       0.00          0.01        0.03
                  |
       educ_pl_rf |      11.57       0.08         11.41       11.73
        maeduc_rf |       8.30       0.09          8.13        8.47
        paeduc_rf |       7.38       0.08          7.23        7.54
       realinc_rf |      34.19       0.64         32.95       35.44
                  |
       egp10_6_rf |
        Salariat  |       0.14       0.01          0.13        0.16
    Intermediate  |       0.32       0.01          0.29        0.34
         Farming  |       0.07       0.01          0.06        0.08
   Working(IIIb)  |       0.11       0.01          0.09        0.12
Working(VI+VIIa)  |       0.36       0.01          0.34        0.38
        Military  |       0.00       0.00          0.00        0.01
                  |
         class_rf |
     lower class  |       0.04       0.00          0.03        0.05
   working class  |       0.61       0.01          0.59        0.64
    middle class  |       0.33       0.01          0.31        0.35
     upper class  |       0.02       0.00          0.01        0.02
-------------------------------------------------------------------

. estimates store S4

. mean $varlist [pw=wt_scaled] if oegp10_6_rf == 4,  cformat(%9.2f)

Mean estimation                               Number of obs = 1,352

-------------------------------------------------------------------
                  |       Mean   Std. err.     [95% conf. interval]
------------------+------------------------------------------------
        age_pl_rf |      42.78       0.29         42.21       43.36
                  |
           sex_rf |
            male  |       0.50       0.02          0.47        0.53
          female  |       0.50       0.02          0.47        0.53
                  |
          race_rf |
           white  |       0.79       0.01          0.77        0.82
           black  |       0.15       0.01          0.13        0.17
           other  |       0.06       0.01          0.04        0.07
                  |
      parbornr_rf |
    Both US born  |       0.85       0.01          0.83        0.87
     One US born  |       0.06       0.01          0.04        0.07
         Neither  |       0.09       0.01          0.07        0.11
                  |
         reg16_rf |
         foreign  |       0.05       0.01          0.04        0.06
     new england  |       0.05       0.01          0.03        0.06
 middle atlantic  |       0.21       0.01          0.19        0.24
 e. nor. central  |       0.18       0.01          0.16        0.21
 w. nor. central  |       0.07       0.01          0.05        0.08
  south atlantic  |       0.16       0.01          0.14        0.18
 e. sou. central  |       0.05       0.01          0.04        0.06
 w. sou. central  |       0.06       0.01          0.05        0.07
        mountain  |       0.04       0.01          0.02        0.05
         pacific  |       0.13       0.01          0.11        0.15
                  |
         res16_rf |
 country nonfarm  |       0.08       0.01          0.06        0.09
            farm  |       0.04       0.01          0.02        0.05
   town lt 50000  |       0.32       0.01          0.29        0.35
 50000 to 250000  |       0.19       0.01          0.17        0.22
 big-city suburb  |       0.15       0.01          0.13        0.17
  city gt 250000  |       0.22       0.01          0.20        0.25
                  |
       relig16_rf |
      Protestant  |       0.58       0.02          0.55        0.61
        Catholic  |       0.33       0.02          0.30        0.36
          Jewish  |       0.02       0.00          0.01        0.03
            None  |       0.05       0.01          0.04        0.06
           Other  |       0.02       0.00          0.01        0.03
                  |
       educ_pl_rf |      13.46       0.08         13.31       13.62
        maeduc_rf |      11.49       0.08         11.34       11.64
        paeduc_rf |      11.15       0.08         10.99       11.30
       realinc_rf |      39.72       1.05         37.67       41.77
                  |
       egp10_6_rf |
        Salariat  |       0.21       0.01          0.19        0.24
    Intermediate  |       0.40       0.02          0.37        0.43
         Farming  |       0.00       0.00          0.00        0.01
   Working(IIIb)  |       0.16       0.01          0.13        0.18
Working(VI+VIIa)  |       0.22       0.01          0.20        0.25
        Military  |       0.01       0.00          0.00        0.01
                  |
         class_rf |
     lower class  |       0.04       0.01          0.03        0.05
   working class  |       0.53       0.02          0.50        0.56
    middle class  |       0.41       0.02          0.38        0.44
     upper class  |       0.03       0.01          0.02        0.04
-------------------------------------------------------------------

. estimates store S5

. mean $varlist [pw=wt_scaled] if oegp10_6_rf == 6,  cformat(%9.2f)

Mean estimation                                 Number of obs = 441

-------------------------------------------------------------------
                  |       Mean   Std. err.     [95% conf. interval]
------------------+------------------------------------------------
        age_pl_rf |      43.23       0.51         42.22       44.24
                  |
           sex_rf |
            male  |       0.45       0.03          0.40        0.51
          female  |       0.55       0.03          0.49        0.60
                  |
          race_rf |
           white  |       0.82       0.02          0.78        0.86
           black  |       0.10       0.02          0.07        0.14
           other  |       0.08       0.01          0.05        0.11
                  |
      parbornr_rf |
    Both US born  |       0.82       0.02          0.78        0.86
     One US born  |       0.08       0.01          0.05        0.11
         Neither  |       0.09       0.02          0.06        0.13
                  |
         reg16_rf |
         foreign  |       0.14       0.02          0.10        0.18
     new england  |       0.04       0.01          0.02        0.06
 middle atlantic  |       0.05       0.01          0.03        0.08
 e. nor. central  |       0.05       0.01          0.03        0.07
 w. nor. central  |       0.06       0.01          0.03        0.08
  south atlantic  |       0.28       0.03          0.23        0.33
 e. sou. central  |       0.05       0.01          0.03        0.07
 w. sou. central  |       0.09       0.02          0.05        0.12
        mountain  |       0.07       0.01          0.04        0.09
         pacific  |       0.18       0.02          0.14        0.22
                  |
         res16_rf |
 country nonfarm  |       0.07       0.01          0.04        0.10
            farm  |       0.02       0.01          0.01        0.04
   town lt 50000  |       0.37       0.03          0.32        0.42
 50000 to 250000  |       0.25       0.02          0.21        0.30
 big-city suburb  |       0.15       0.02          0.11        0.19
  city gt 250000  |       0.13       0.02          0.10        0.17
                  |
       relig16_rf |
      Protestant  |       0.59       0.03          0.54        0.64
        Catholic  |       0.31       0.03          0.26        0.36
          Jewish  |       0.00       0.00         -0.00        0.01
            None  |       0.06       0.01          0.04        0.09
           Other  |       0.03       0.01          0.02        0.05
                  |
       educ_pl_rf |      14.37       0.15         14.06       14.67
        maeduc_rf |      12.16       0.13         11.91       12.42
        paeduc_rf |      12.99       0.17         12.65       13.33
       realinc_rf |      45.24       1.90         41.51       48.97
                  |
       egp10_6_rf |
        Salariat  |       0.32       0.03          0.27        0.37
    Intermediate  |       0.36       0.03          0.31        0.42
         Farming  |       0.01       0.00         -0.00        0.01
   Working(IIIb)  |       0.13       0.02          0.09        0.16
Working(VI+VIIa)  |       0.15       0.02          0.11        0.20
        Military  |       0.03       0.01          0.01        0.05
                  |
         class_rf |
     lower class  |       0.03       0.01          0.01        0.04
   working class  |       0.45       0.03          0.39        0.50
    middle class  |       0.49       0.03          0.43        0.54
     upper class  |       0.04       0.01          0.02        0.06
-------------------------------------------------------------------

. estimates store S6

. 
. esttab S1 S2 S3 S4 S5 S6 using  docs/descriptives-indep.csv, main(b) aux(sd) nostar label   nonumber replace ///
>  mtitle("All" "Salariat" "Intermediate" "Farming" "Working" "Military" )
(output written to docs/descriptives-indep.csv)

. 
. *** EQWLTH
. mean eqwlthr [pw=wt_scaled], cformat(%9.2f)

Mean estimation                         Number of obs = 16,635

--------------------------------------------------------------
             |       Mean   Std. err.     [95% conf. interval]
-------------+------------------------------------------------
     eqwlthr |       4.17       0.02          4.14        4.21
--------------------------------------------------------------

. estimates store S1

. mean eqwlthr [pw=wt_scaled] if oegp10_6_rf == 1,  cformat(%9.2f)

Mean estimation                          Number of obs = 3,498

--------------------------------------------------------------
             |       Mean   Std. err.     [95% conf. interval]
-------------+------------------------------------------------
     eqwlthr |       3.82       0.04          3.74        3.89
--------------------------------------------------------------

. estimates store S2

. mean eqwlthr [pw=wt_scaled] if oegp10_6_rf == 2,  cformat(%9.2f)

Mean estimation                          Number of obs = 4,491

--------------------------------------------------------------
             |       Mean   Std. err.     [95% conf. interval]
-------------+------------------------------------------------
     eqwlthr |       4.01       0.03          3.94        4.07
--------------------------------------------------------------

. estimates store S3

. mean eqwlthr [pw=wt_scaled] if oegp10_6_rf == 3,  cformat(%9.2f)

Mean estimation                          Number of obs = 1,589

--------------------------------------------------------------
             |       Mean   Std. err.     [95% conf. interval]
-------------+------------------------------------------------
     eqwlthr |       4.41       0.06          4.29        4.52
--------------------------------------------------------------

. estimates store S4

. mean eqwlthr [pw=wt_scaled] if oegp10_6_rf == 4,  cformat(%9.2f)

Mean estimation                            Number of obs = 867

--------------------------------------------------------------
             |       Mean   Std. err.     [95% conf. interval]
-------------+------------------------------------------------
     eqwlthr |       4.34       0.08          4.19        4.50
--------------------------------------------------------------

. estimates store S5

. mean eqwlthr [pw=wt_scaled] if oegp10_6_rf == 6,  cformat(%9.2f)

Mean estimation                            Number of obs = 309

--------------------------------------------------------------
             |       Mean   Std. err.     [95% conf. interval]
-------------+------------------------------------------------
     eqwlthr |       4.14       0.14          3.86        4.42
--------------------------------------------------------------

. estimates store S6

. esttab S1 S2 S3 S4 S5 S6 using  docs/descriptives-eqwlth.csv, main(b) aux(sd) nostar label  nonumber replace ///
> mtitle("All" "Salariat" "Intermediate" "Farming" "Working" "Military" )
(output written to docs/descriptives-eqwlth.csv)

. 
. 
. *** TAX
. mean taxr [pw=wt_scaled], cformat(%9.2f)

Mean estimation                         Number of obs = 16,632

--------------------------------------------------------------
             |       Mean   Std. err.     [95% conf. interval]
-------------+------------------------------------------------
        taxr |       0.67       0.00          0.66        0.68
--------------------------------------------------------------

. estimates store S1

. mean taxr [pw=wt_scaled] if oegp10_6_rf == 1,  cformat(%9.2f)

Mean estimation                          Number of obs = 3,448

--------------------------------------------------------------
             |       Mean   Std. err.     [95% conf. interval]
-------------+------------------------------------------------
        taxr |       0.61       0.01          0.59        0.63
--------------------------------------------------------------

. estimates store S2

. mean taxr [pw=wt_scaled] if oegp10_6_rf == 2,  cformat(%9.2f)

Mean estimation                          Number of obs = 4,430

--------------------------------------------------------------
             |       Mean   Std. err.     [95% conf. interval]
-------------+------------------------------------------------
        taxr |       0.67       0.01          0.65        0.68
--------------------------------------------------------------

. estimates store S3

. mean taxr [pw=wt_scaled] if oegp10_6_rf == 3,  cformat(%9.2f)

Mean estimation                          Number of obs = 1,687

--------------------------------------------------------------
             |       Mean   Std. err.     [95% conf. interval]
-------------+------------------------------------------------
        taxr |       0.67       0.01          0.65        0.70
--------------------------------------------------------------

. estimates store S4

. mean taxr [pw=wt_scaled] if oegp10_6_rf == 4,  cformat(%9.2f)

Mean estimation                            Number of obs = 904

--------------------------------------------------------------
             |       Mean   Std. err.     [95% conf. interval]
-------------+------------------------------------------------
        taxr |       0.66       0.02          0.62        0.70
--------------------------------------------------------------

. estimates store S5

. mean taxr [pw=wt_scaled] if oegp10_6_rf == 6,  cformat(%9.2f)

Mean estimation                            Number of obs = 304

--------------------------------------------------------------
             |       Mean   Std. err.     [95% conf. interval]
-------------+------------------------------------------------
        taxr |       0.65       0.03          0.59        0.72
--------------------------------------------------------------

. estimates store S6

. esttab S1 S2 S3 S4 S5 S6 using  docs/descriptives-taxr.csv, main(b) aux(sd) nostar label  nonumber replace ///
> mtitle("All" "Salariat" "Intermediate" "Farming" "Working" "Military" )
(output written to docs/descriptives-taxr.csv)

. 
. 
. log close
      name:  <unnamed>
       log:  C:\wd\gss-origin-redistribution-ssr\log/08-gss-egp-redist-descriptive-table.log
  log type:  text
 closed on:   6 Apr 2023, 13:09:09
----------------------------------------------------------------------------------------------------------------------------------------
