----------------------------------------------------------------------------------------------------------------------------------------
      name:  <unnamed>
       log:  C:\wd\gss-origin-redistribution-ssr\log/gss-egp-redist-tax-estimation.log
  log type:  text
 opened on:   6 Apr 2023, 12:31:20

. 
. use data/gss-1972-and-later-filled-in-recoded-imputed-in-sample.dta, clear

. 
. ********************************************************************************
. *** Sample selection
. ********************************************************************************
. *** drop missing on all outcome variables
. drop if tax >=. | tax==4
(8,399 observations deleted)

. 
. ********************************************************************************
. *** Reweight according to sample size
. ********************************************************************************
. do analysis/gss-egp-redist-rescale-weights.do

. tab year

   gss year |
   for this |
respondent  |      Freq.     Percent        Cum.
------------+-----------------------------------
       1977 |        651        3.91        3.91
       1980 |        582        3.50        7.41
       1982 |        732        4.40       11.81
       1984 |        618        3.72       15.53
       1985 |        676        4.06       19.59
       1987 |        818        4.92       24.51
       1988 |        435        2.62       27.13
       1989 |        464        2.79       29.92
       1990 |        436        2.62       32.54
       1991 |        448        2.69       35.23
       1993 |        522        3.14       38.37
       1994 |      1,049        6.31       44.68
       1996 |      1,021        6.14       50.82
       1998 |        966        5.81       56.63
       2000 |        919        5.53       62.15
       2002 |        471        2.83       64.98
       2004 |        470        2.83       67.81
       2006 |        994        5.98       73.79
       2008 |        644        3.87       77.66
       2010 |        640        3.85       81.51
       2012 |        630        3.79       85.29
       2014 |        811        4.88       90.17
       2016 |        905        5.44       95.61
       2018 |        730        4.39      100.00
------------+-----------------------------------
      Total |     16,632      100.00

. local N `r(N)'

. local levels `r(r)'

. bys year: egen wtcomb_sum = total(wtcomb)

. bys year: sum wtcomb wtcomb_sum 

----------------------------------------------------------------------------------------------------------------------------------------
-> year = 1977

    Variable |        Obs        Mean    Std. dev.       Min        Max
-------------+---------------------------------------------------------
      wtcomb |        651    .9904522    .3482687      .4941     2.4704
  wtcomb_sum |        651    644.7844           0   644.7844   644.7844

----------------------------------------------------------------------------------------------------------------------------------------
-> year = 1980

    Variable |        Obs        Mean    Std. dev.       Min        Max
-------------+---------------------------------------------------------
      wtcomb |        582    1.014539    .3938886      .5112     3.5787
  wtcomb_sum |        582    590.4614           0   590.4614   590.4614

----------------------------------------------------------------------------------------------------------------------------------------
-> year = 1982

    Variable |        Obs        Mean    Std. dev.       Min        Max
-------------+---------------------------------------------------------
      wtcomb |        732    1.004833    .5514753   .1913179   3.823189
  wtcomb_sum |        732    735.5379           0   735.5379   735.5379

----------------------------------------------------------------------------------------------------------------------------------------
-> year = 1984

    Variable |        Obs        Mean    Std. dev.       Min        Max
-------------+---------------------------------------------------------
      wtcomb |        618    1.005494    .4217052      .5165     3.6157
  wtcomb_sum |        618    621.3951           0   621.3951   621.3951

----------------------------------------------------------------------------------------------------------------------------------------
-> year = 1985

    Variable |        Obs        Mean    Std. dev.       Min        Max
-------------+---------------------------------------------------------
      wtcomb |        676    1.014049    .3927167      .5181     3.1088
  wtcomb_sum |        676    685.4971           0   685.4971   685.4971

----------------------------------------------------------------------------------------------------------------------------------------
-> year = 1987

    Variable |        Obs        Mean    Std. dev.       Min        Max
-------------+---------------------------------------------------------
      wtcomb |        818    1.046837    .5528443   .2196104   3.134642
  wtcomb_sum |        818    856.3125           0   856.3125   856.3125

----------------------------------------------------------------------------------------------------------------------------------------
-> year = 1988

    Variable |        Obs        Mean    Std. dev.       Min        Max
-------------+---------------------------------------------------------
      wtcomb |        435    1.004049    .3667076      .5313     2.1254
  wtcomb_sum |        435    436.7613           0   436.7613   436.7613

----------------------------------------------------------------------------------------------------------------------------------------
-> year = 1989

    Variable |        Obs        Mean    Std. dev.       Min        Max
-------------+---------------------------------------------------------
      wtcomb |        464    1.020375    .4158886      .5107     3.5751
  wtcomb_sum |        464    473.4541           0   473.4541   473.4541

----------------------------------------------------------------------------------------------------------------------------------------
-> year = 1990

    Variable |        Obs        Mean    Std. dev.       Min        Max
-------------+---------------------------------------------------------
      wtcomb |        436    1.015155    .3842803      .5313     3.1881
  wtcomb_sum |        436    442.6074           0   442.6074   442.6074

----------------------------------------------------------------------------------------------------------------------------------------
-> year = 1991

    Variable |        Obs        Mean    Std. dev.       Min        Max
-------------+---------------------------------------------------------
      wtcomb |        448    1.036046    .4134338      .5311     2.6553
  wtcomb_sum |        448    464.1486           0   464.1486   464.1486

----------------------------------------------------------------------------------------------------------------------------------------
-> year = 1993

    Variable |        Obs        Mean    Std. dev.       Min        Max
-------------+---------------------------------------------------------
      wtcomb |        522    .9983525    .3871774      .5285     3.6998
  wtcomb_sum |        522      521.14           0     521.14     521.14

----------------------------------------------------------------------------------------------------------------------------------------
-> year = 1994

    Variable |        Obs        Mean    Std. dev.       Min        Max
-------------+---------------------------------------------------------
      wtcomb |      1,049    1.011277    .3790044      .5412     2.7062
  wtcomb_sum |      1,049     1060.83           0    1060.83    1060.83

----------------------------------------------------------------------------------------------------------------------------------------
-> year = 1996

    Variable |        Obs        Mean    Std. dev.       Min        Max
-------------+---------------------------------------------------------
      wtcomb |      1,021    .9735998    .3741525      .5432     3.2591
  wtcomb_sum |      1,021    994.0454           0   994.0454   994.0454

----------------------------------------------------------------------------------------------------------------------------------------
-> year = 1998

    Variable |        Obs        Mean    Std. dev.       Min        Max
-------------+---------------------------------------------------------
      wtcomb |        966    1.007773    .4033026      .5501     3.8504
  wtcomb_sum |        966    973.5092           0   973.5092   973.5092

----------------------------------------------------------------------------------------------------------------------------------------
-> year = 2000

    Variable |        Obs        Mean    Std. dev.       Min        Max
-------------+---------------------------------------------------------
      wtcomb |        919    1.008766    .3969496      .5493     2.7463
  wtcomb_sum |        919    927.0562           0   927.0562   927.0562

----------------------------------------------------------------------------------------------------------------------------------------
-> year = 2002

    Variable |        Obs        Mean    Std. dev.       Min        Max
-------------+---------------------------------------------------------
      wtcomb |        471    .9995369    .4271374      .5578     2.7889
  wtcomb_sum |        471    470.7819           0   470.7819   470.7819

----------------------------------------------------------------------------------------------------------------------------------------
-> year = 2004

    Variable |        Obs        Mean    Std. dev.       Min        Max
-------------+---------------------------------------------------------
      wtcomb |        470    .9744894    .5236933        .35       3.96
  wtcomb_sum |        470      458.01           0     458.01     458.01

----------------------------------------------------------------------------------------------------------------------------------------
-> year = 2006

    Variable |        Obs        Mean    Std. dev.       Min        Max
-------------+---------------------------------------------------------
      wtcomb |        994    .9841449    .5789403        .36       6.12
  wtcomb_sum |        994      978.24           0     978.24     978.24

----------------------------------------------------------------------------------------------------------------------------------------
-> year = 2008

    Variable |        Obs        Mean    Std. dev.       Min        Max
-------------+---------------------------------------------------------
      wtcomb |        644     1.04807    .6619384   .3194206   5.691713
  wtcomb_sum |        644     674.957           0    674.957    674.957

----------------------------------------------------------------------------------------------------------------------------------------
-> year = 2010

    Variable |        Obs        Mean    Std. dev.       Min        Max
-------------+---------------------------------------------------------
      wtcomb |        640    1.045733    .5919551   .3369696   4.733329
  wtcomb_sum |        640    669.2692           0   669.2692   669.2692

----------------------------------------------------------------------------------------------------------------------------------------
-> year = 2012

    Variable |        Obs        Mean    Std. dev.       Min        Max
-------------+---------------------------------------------------------
      wtcomb |        630    1.033622     .731933   .2930743   11.06848
  wtcomb_sum |        630    651.1815           0   651.1815   651.1815

----------------------------------------------------------------------------------------------------------------------------------------
-> year = 2014

    Variable |        Obs        Mean    Std. dev.       Min        Max
-------------+---------------------------------------------------------
      wtcomb |        811    1.008162    .5224962   .3337505   5.997651
  wtcomb_sum |        811     817.619           0    817.619    817.619

----------------------------------------------------------------------------------------------------------------------------------------
-> year = 2016

    Variable |        Obs        Mean    Std. dev.       Min        Max
-------------+---------------------------------------------------------
      wtcomb |        905    1.056214    .5473689    .307749   3.926345
  wtcomb_sum |        905    955.8735           0   955.8735   955.8735

----------------------------------------------------------------------------------------------------------------------------------------
-> year = 2018

    Variable |        Obs        Mean    Std. dev.       Min        Max
-------------+---------------------------------------------------------
      wtcomb |        730    1.011405     .644762   .3066632    5.91182
  wtcomb_sum |        730    738.3257           0   738.3257   738.3257


. gen wt_scaled = (`N'/`levels')*(wtcomb / wtcomb_sum) 

. bys year: sum wt_scaled 

----------------------------------------------------------------------------------------------------------------------------------------
-> year = 1977

    Variable |        Obs        Mean    Std. dev.       Min        Max
-------------+---------------------------------------------------------
   wt_scaled |        651    1.064516    .3743115   .5310477   2.655131

----------------------------------------------------------------------------------------------------------------------------------------
-> year = 1980

    Variable |        Obs        Mean    Std. dev.       Min        Max
-------------+---------------------------------------------------------
   wt_scaled |        582    1.190722    .4622907   .5999742   4.200171

----------------------------------------------------------------------------------------------------------------------------------------
-> year = 1982

    Variable |        Obs        Mean    Std. dev.       Min        Max
-------------+---------------------------------------------------------
   wt_scaled |        732    .9467213    .5195821   .1802536   3.602085

----------------------------------------------------------------------------------------------------------------------------------------
-> year = 1984

    Variable |        Obs        Mean    Std. dev.       Min        Max
-------------+---------------------------------------------------------
   wt_scaled |        618    1.121359    .4702993   .5760176   4.032346

----------------------------------------------------------------------------------------------------------------------------------------
-> year = 1985

    Variable |        Obs        Mean    Std. dev.       Min        Max
-------------+---------------------------------------------------------
   wt_scaled |        676    1.025148    .3970151   .5237707   3.142827

----------------------------------------------------------------------------------------------------------------------------------------
-> year = 1987

    Variable |        Obs        Mean    Std. dev.       Min        Max
-------------+---------------------------------------------------------
   wt_scaled |        818    .8471883     .447408   .1777272   2.536815

----------------------------------------------------------------------------------------------------------------------------------------
-> year = 1988

    Variable |        Obs        Mean    Std. dev.       Min        Max
-------------+---------------------------------------------------------
   wt_scaled |        435    1.593103    .5818472   .8430026   3.372328

----------------------------------------------------------------------------------------------------------------------------------------
-> year = 1989

    Variable |        Obs        Mean    Std. dev.       Min        Max
-------------+---------------------------------------------------------
   wt_scaled |        464    1.493534    .6087408   .7475172   5.232913

----------------------------------------------------------------------------------------------------------------------------------------
-> year = 1990

    Variable |        Obs        Mean    Std. dev.       Min        Max
-------------+---------------------------------------------------------
   wt_scaled |        436    1.589449     .601676   .8318679   4.991677

----------------------------------------------------------------------------------------------------------------------------------------
-> year = 1991

    Variable |        Obs        Mean    Std. dev.       Min        Max
-------------+---------------------------------------------------------
   wt_scaled |        448    1.546875    .6172799   .7929621   3.964512

----------------------------------------------------------------------------------------------------------------------------------------
-> year = 1993

    Variable |        Obs        Mean    Std. dev.       Min        Max
-------------+---------------------------------------------------------
   wt_scaled |        522    1.327586    .5148596   .7027872   4.919909

----------------------------------------------------------------------------------------------------------------------------------------
-> year = 1994

    Variable |        Obs        Mean    Std. dev.       Min        Max
-------------+---------------------------------------------------------
   wt_scaled |      1,049    .6606292    .2475893   .3535455   1.767858

----------------------------------------------------------------------------------------------------------------------------------------
-> year = 1996

    Variable |        Obs        Mean    Std. dev.       Min        Max
-------------+---------------------------------------------------------
   wt_scaled |      1,021    .6787463    .2608409   .3786926   2.272086

----------------------------------------------------------------------------------------------------------------------------------------
-> year = 1998

    Variable |        Obs        Mean    Std. dev.       Min        Max
-------------+---------------------------------------------------------
   wt_scaled |        966    .7173913     .287094   .3915929   2.740937

----------------------------------------------------------------------------------------------------------------------------------------
-> year = 2000

    Variable |        Obs        Mean    Std. dev.       Min        Max
-------------+---------------------------------------------------------
   wt_scaled |        919    .7540805    .2967307   .4106168   2.052935

----------------------------------------------------------------------------------------------------------------------------------------
-> year = 2002

    Variable |        Obs        Mean    Std. dev.       Min        Max
-------------+---------------------------------------------------------
   wt_scaled |        471    1.471338    .6287545   .8210923   4.105314

----------------------------------------------------------------------------------------------------------------------------------------
-> year = 2004

    Variable |        Obs        Mean    Std. dev.       Min        Max
-------------+---------------------------------------------------------
   wt_scaled |        470    1.474468    .7923832   .5295736   5.991747

----------------------------------------------------------------------------------------------------------------------------------------
-> year = 2006

    Variable |        Obs        Mean    Std. dev.       Min        Max
-------------+---------------------------------------------------------
   wt_scaled |        994    .6971831    .4101301   .2550294     4.3355

----------------------------------------------------------------------------------------------------------------------------------------
-> year = 2008

    Variable |        Obs        Mean    Std. dev.       Min        Max
-------------+---------------------------------------------------------
   wt_scaled |        644    1.076087    .6796334   .3279594   5.843864

----------------------------------------------------------------------------------------------------------------------------------------
-> year = 2010

    Variable |        Obs        Mean    Std. dev.       Min        Max
-------------+---------------------------------------------------------
   wt_scaled |        640    1.082812    .6129445   .3489178   4.901163

----------------------------------------------------------------------------------------------------------------------------------------
-> year = 2012

    Variable |        Obs        Mean    Std. dev.       Min        Max
-------------+---------------------------------------------------------
   wt_scaled |        630         1.1    .7789373   .3118954   11.77929

----------------------------------------------------------------------------------------------------------------------------------------
-> year = 2014

    Variable |        Obs        Mean    Std. dev.       Min        Max
-------------+---------------------------------------------------------
   wt_scaled |        811    .8545006    .4428589   .2828812   5.083507

----------------------------------------------------------------------------------------------------------------------------------------
-> year = 2016

    Variable |        Obs        Mean    Std. dev.       Min        Max
-------------+---------------------------------------------------------
   wt_scaled |        905    .7657459    .3968377   .2231154   2.846566

----------------------------------------------------------------------------------------------------------------------------------------
-> year = 2018

    Variable |        Obs        Mean    Std. dev.       Min        Max
-------------+---------------------------------------------------------
   wt_scaled |        730    .9493151    .6051802   .2878372   5.548894


. bys year: corr wtcomb wt_scaled

----------------------------------------------------------------------------------------------------------------------------------------
-> year = 1977
(obs=651)

             |   wtcomb wt_sca~d
-------------+------------------
      wtcomb |   1.0000
   wt_scaled |   1.0000   1.0000


----------------------------------------------------------------------------------------------------------------------------------------
-> year = 1980
(obs=582)

             |   wtcomb wt_sca~d
-------------+------------------
      wtcomb |   1.0000
   wt_scaled |   1.0000   1.0000


----------------------------------------------------------------------------------------------------------------------------------------
-> year = 1982
(obs=732)

             |   wtcomb wt_sca~d
-------------+------------------
      wtcomb |   1.0000
   wt_scaled |   1.0000   1.0000


----------------------------------------------------------------------------------------------------------------------------------------
-> year = 1984
(obs=618)

             |   wtcomb wt_sca~d
-------------+------------------
      wtcomb |   1.0000
   wt_scaled |   1.0000   1.0000


----------------------------------------------------------------------------------------------------------------------------------------
-> year = 1985
(obs=676)

             |   wtcomb wt_sca~d
-------------+------------------
      wtcomb |   1.0000
   wt_scaled |   1.0000   1.0000


----------------------------------------------------------------------------------------------------------------------------------------
-> year = 1987
(obs=818)

             |   wtcomb wt_sca~d
-------------+------------------
      wtcomb |   1.0000
   wt_scaled |   1.0000   1.0000


----------------------------------------------------------------------------------------------------------------------------------------
-> year = 1988
(obs=435)

             |   wtcomb wt_sca~d
-------------+------------------
      wtcomb |   1.0000
   wt_scaled |   1.0000   1.0000


----------------------------------------------------------------------------------------------------------------------------------------
-> year = 1989
(obs=464)

             |   wtcomb wt_sca~d
-------------+------------------
      wtcomb |   1.0000
   wt_scaled |   1.0000   1.0000


----------------------------------------------------------------------------------------------------------------------------------------
-> year = 1990
(obs=436)

             |   wtcomb wt_sca~d
-------------+------------------
      wtcomb |   1.0000
   wt_scaled |   1.0000   1.0000


----------------------------------------------------------------------------------------------------------------------------------------
-> year = 1991
(obs=448)

             |   wtcomb wt_sca~d
-------------+------------------
      wtcomb |   1.0000
   wt_scaled |   1.0000   1.0000


----------------------------------------------------------------------------------------------------------------------------------------
-> year = 1993
(obs=522)

             |   wtcomb wt_sca~d
-------------+------------------
      wtcomb |   1.0000
   wt_scaled |   1.0000   1.0000


----------------------------------------------------------------------------------------------------------------------------------------
-> year = 1994
(obs=1,049)

             |   wtcomb wt_sca~d
-------------+------------------
      wtcomb |   1.0000
   wt_scaled |   1.0000   1.0000


----------------------------------------------------------------------------------------------------------------------------------------
-> year = 1996
(obs=1,021)

             |   wtcomb wt_sca~d
-------------+------------------
      wtcomb |   1.0000
   wt_scaled |   1.0000   1.0000


----------------------------------------------------------------------------------------------------------------------------------------
-> year = 1998
(obs=966)

             |   wtcomb wt_sca~d
-------------+------------------
      wtcomb |   1.0000
   wt_scaled |   1.0000   1.0000


----------------------------------------------------------------------------------------------------------------------------------------
-> year = 2000
(obs=919)

             |   wtcomb wt_sca~d
-------------+------------------
      wtcomb |   1.0000
   wt_scaled |   1.0000   1.0000


----------------------------------------------------------------------------------------------------------------------------------------
-> year = 2002
(obs=471)

             |   wtcomb wt_sca~d
-------------+------------------
      wtcomb |   1.0000
   wt_scaled |   1.0000   1.0000


----------------------------------------------------------------------------------------------------------------------------------------
-> year = 2004
(obs=470)

             |   wtcomb wt_sca~d
-------------+------------------
      wtcomb |   1.0000
   wt_scaled |   1.0000   1.0000


----------------------------------------------------------------------------------------------------------------------------------------
-> year = 2006
(obs=994)

             |   wtcomb wt_sca~d
-------------+------------------
      wtcomb |   1.0000
   wt_scaled |   1.0000   1.0000


----------------------------------------------------------------------------------------------------------------------------------------
-> year = 2008
(obs=644)

             |   wtcomb wt_sca~d
-------------+------------------
      wtcomb |   1.0000
   wt_scaled |   1.0000   1.0000


----------------------------------------------------------------------------------------------------------------------------------------
-> year = 2010
(obs=640)

             |   wtcomb wt_sca~d
-------------+------------------
      wtcomb |   1.0000
   wt_scaled |   1.0000   1.0000


----------------------------------------------------------------------------------------------------------------------------------------
-> year = 2012
(obs=630)

             |   wtcomb wt_sca~d
-------------+------------------
      wtcomb |   1.0000
   wt_scaled |   1.0000   1.0000


----------------------------------------------------------------------------------------------------------------------------------------
-> year = 2014
(obs=811)

             |   wtcomb wt_sca~d
-------------+------------------
      wtcomb |   1.0000
   wt_scaled |   1.0000   1.0000


----------------------------------------------------------------------------------------------------------------------------------------
-> year = 2016
(obs=905)

             |   wtcomb wt_sca~d
-------------+------------------
      wtcomb |   1.0000
   wt_scaled |   1.0000   1.0000


----------------------------------------------------------------------------------------------------------------------------------------
-> year = 2018
(obs=730)

             |   wtcomb wt_sca~d
-------------+------------------
      wtcomb |   1.0000
   wt_scaled |   1.0000   1.0000



. 
end of do-file

. 
. ********************************************************************************
. *** Model fit comparison
. ********************************************************************************
. *** drop military
. drop if egp10_6_rf == 6 | oegp10_6_rf == 6
(388 observations deleted)

. 
. global period i.year

. global period_origin i.year i.oegp10_4_rf

. global period_peduc i.year peduc

. global period_origin_peduc i.year i.oegp10_4_rf peduc

. global period_class i.year i.egp10_3_rf

. global period_class_origin i.year i.egp10_3_rf i.oegp10_4_rf

. global period_class_peduc i.year i.egp10_3_rf peduc

. global period_class_educ_inc i.year realinc_rf educ_pl_rf i.oegp10_4_rf

. global period_class_educ_inc_origin i.year realinc_rf educ_pl_rf i.egp10_3_rf i.oegp10_4_rf

. global period_class_educ_inc_peduc i.year realinc_rf educ_pl_rf i.egp10_3_rf peduc

. 
. qui logit taxr  $period  [pw=wt_scaled]

. estat ic

Akaike's information criterion and Bayesian information criterion

-----------------------------------------------------------------------------
       Model |          N   ll(null)  ll(model)      df        AIC        BIC
-------------+---------------------------------------------------------------
           . |     16,244  -10368.82  -10209.65      24   20467.29   20651.98
-----------------------------------------------------------------------------
Note: BIC uses N = number of observations. See [R] BIC note.

. mat m1 = r(S)

. 
. qui logit taxr  $period_origin  [pw=wt_scaled]

. estat ic

Akaike's information criterion and Bayesian information criterion

-----------------------------------------------------------------------------
       Model |          N   ll(null)  ll(model)      df        AIC        BIC
-------------+---------------------------------------------------------------
           . |     16,244  -10368.82  -10179.84      27   20413.69   20621.46
-----------------------------------------------------------------------------
Note: BIC uses N = number of observations. See [R] BIC note.

. mat m2 = r(S)

. 
. qui logit taxr  $period_peduc [pw=wt_scaled]

. estat ic

Akaike's information criterion and Bayesian information criterion

-----------------------------------------------------------------------------
       Model |          N   ll(null)  ll(model)      df        AIC        BIC
-------------+---------------------------------------------------------------
           . |     16,244  -10368.82  -10195.96      25   20441.92   20634.31
-----------------------------------------------------------------------------
Note: BIC uses N = number of observations. See [R] BIC note.

. mat m3 = r(S)

. 
. qui logit taxr $period_origin_peduc [pw=wt_scaled]

. estat ic

Akaike's information criterion and Bayesian information criterion

-----------------------------------------------------------------------------
       Model |          N   ll(null)  ll(model)      df        AIC        BIC
-------------+---------------------------------------------------------------
           . |     16,244  -10368.82   -10176.8      28    20409.6   20625.07
-----------------------------------------------------------------------------
Note: BIC uses N = number of observations. See [R] BIC note.

. mat m4 = r(S)

. 
. qui logit taxr $period_class  [pw=wt_scaled]

. estat ic

Akaike's information criterion and Bayesian information criterion

-----------------------------------------------------------------------------
       Model |          N   ll(null)  ll(model)      df        AIC        BIC
-------------+---------------------------------------------------------------
           . |     16,244  -10368.82  -10199.62      26   20451.24   20651.33
-----------------------------------------------------------------------------
Note: BIC uses N = number of observations. See [R] BIC note.

. mat m5 = r(S)

. 
. qui logit taxr $period_class_origin [pw=wt_scaled]

. estat ic

Akaike's information criterion and Bayesian information criterion

-----------------------------------------------------------------------------
       Model |          N   ll(null)  ll(model)      df        AIC        BIC
-------------+---------------------------------------------------------------
           . |     16,244  -10368.82   -10174.5      29      20407   20630.16
-----------------------------------------------------------------------------
Note: BIC uses N = number of observations. See [R] BIC note.

. mat m6 = r(S)

. 
. qui logit taxr $period_class_peduc  [pw=wt_scaled]

. estat ic

Akaike's information criterion and Bayesian information criterion

-----------------------------------------------------------------------------
       Model |          N   ll(null)  ll(model)      df        AIC        BIC
-------------+---------------------------------------------------------------
           . |     16,244  -10368.82  -10189.77      27   20433.55   20641.33
-----------------------------------------------------------------------------
Note: BIC uses N = number of observations. See [R] BIC note.

. mat m7 = r(S)

. 
. qui logit taxr $period_class_educ_inc  [pw=wt_scaled]

. estat ic

Akaike's information criterion and Bayesian information criterion

-----------------------------------------------------------------------------
       Model |          N   ll(null)  ll(model)      df        AIC        BIC
-------------+---------------------------------------------------------------
           . |     16,244  -10368.82  -10149.62      29   20357.24   20580.41
-----------------------------------------------------------------------------
Note: BIC uses N = number of observations. See [R] BIC note.

. mat m8 = r(S)

. 
. qui logit taxr $period_class_educ_inc_origin  [pw=wt_scaled]

. estat ic

Akaike's information criterion and Bayesian information criterion

-----------------------------------------------------------------------------
       Model |          N   ll(null)  ll(model)      df        AIC        BIC
-------------+---------------------------------------------------------------
           . |     16,244  -10368.82  -10145.64      31   20353.28   20591.84
-----------------------------------------------------------------------------
Note: BIC uses N = number of observations. See [R] BIC note.

. mat m9 = r(S)

. 
. qui logit taxr $period_class_educ_inc_peduc  [pw=wt_scaled]

. estat ic

Akaike's information criterion and Bayesian information criterion

-----------------------------------------------------------------------------
       Model |          N   ll(null)  ll(model)      df        AIC        BIC
-------------+---------------------------------------------------------------
           . |     16,244  -10368.82  -10164.56      29   20387.11   20610.28
-----------------------------------------------------------------------------
Note: BIC uses N = number of observations. See [R] BIC note.

. mat m10 = r(S)

. 
. ********************************************************************************
. *** Generate an Excel spreadsheet
. ********************************************************************************
. 
. putexcel set docs/model-comparison.xlsx, sheet("TAX", replace) modify

.  
. putexcel B1 = "df"  C1="AIC" D1="BIC" ///
>                  E1 = "AIC Diff."        F1 = "BIC Diff." ///
>                  A2 = "Model a" A3 = "Model b" A4 = "Model c" A5 = "Model d" ///  
>                  A6 = "Model e" A7 = "Model f" A8 = "Model g" A9 = "Model h" ///  
>                  A10 = "Model i"  A11 = "Model J"  
file docs/model-comparison.xlsx saved

.                  
. forval i = 1(1)10 {
  2.         
.         local j = `i' + 1
  3.         
.         mat AIC_diff = m`i'[1,5] - m1[1,5] 
  4.         mat BIC_diff =  m`i'[1,6] - m1[1,6] /// AIC, BIC deviations from baseline
> 
  5.  putexcel ///
>         B`j' = m`i'[1,4] ///
>         C`j' = m`i'[1,5]  D`j' = m`i'[1,6] ///
>         E`j' = AIC_diff[1,1]  F`j' = BIC_diff[1,1] 
  6. }
file docs/model-comparison.xlsx saved
file docs/model-comparison.xlsx saved
file docs/model-comparison.xlsx saved
file docs/model-comparison.xlsx saved
file docs/model-comparison.xlsx saved
file docs/model-comparison.xlsx saved
file docs/model-comparison.xlsx saved
file docs/model-comparison.xlsx saved
file docs/model-comparison.xlsx saved
file docs/model-comparison.xlsx saved

. 
. log close
      name:  <unnamed>
       log:  C:\wd\gss-origin-redistribution-ssr\log/gss-egp-redist-tax-estimation.log
  log type:  text
 closed on:   6 Apr 2023, 12:31:32
----------------------------------------------------------------------------------------------------------------------------------------
